This file contains any messages produced by compilers while
running configure, to aid debugging if configure makes a mistake.

It was created by libfyaml configure 0.9, which was
generated by GNU Autoconf 2.72.  Invocation command line was

  $ ./configure

## --------- ##
## Platform. ##
## --------- ##

hostname = Kevins-Mac-Studio.local
uname -m = arm64
uname -r = 23.5.0
uname -s = Darwin
uname -v = Darwin Kernel Version 23.5.0: Wed May  1 20:12:58 PDT 2024; root:xnu-10063.121.3~5/RELEASE_ARM64_T6000

/usr/bin/uname -p = arm
/bin/uname -X     = unknown

/bin/arch              = unknown
/usr/bin/arch -k       = unknown
/usr/convex/getsysinfo = unknown
/usr/bin/hostinfo      = Mach kernel version:
	 Darwin Kernel Version 23.5.0: Wed May  1 20:12:58 PDT 2024; root:xnu-10063.121.3~5/RELEASE_ARM64_T6000
Kernel configured for up to 20 processors.
20 processors are physically available.
20 processors are logically available.
Processor type: arm64e (ARM64E)
Processors active: 0 1 2 3 4 5 6 7 8 9 10 11 12 13 14 15 16 17 18 19
Primary memory available: 64.00 gigabytes
Default processor set: 1036 tasks, 5105 threads, 20 processors
Load average: 6.35, Mach factor: 13.63
/bin/machine           = unknown
/usr/bin/oslevel       = unknown
/bin/universe          = unknown

PATH: /Users/kdubb/Tools/miniconda3/bin/
PATH: /Users/kdubb/Tools/miniconda3/condabin/
PATH: /Users/kdubb/.sdkman/candidates/java/current/bin/
PATH: /Users/kdubb/.rd/bin/
PATH: /Users/kdubb/.krew/bin/
PATH: /Users/kdubb/.pyenv/shims/
PATH: /Applications/Sublime Text.app/Contents/SharedSupport/bin/
PATH: /opt/homebrew/bin/
PATH: /opt/homebrew/sbin/
PATH: /usr/local/bin/
PATH: /System/Cryptexes/App/usr/bin/
PATH: /usr/bin/
PATH: /bin/
PATH: /usr/sbin/
PATH: /sbin/
PATH: /var/run/com.apple.security.cryptexd/codex.system/bootstrap/usr/local/bin/
PATH: /var/run/com.apple.security.cryptexd/codex.system/bootstrap/usr/bin/
PATH: /var/run/com.apple.security.cryptexd/codex.system/bootstrap/usr/appleinternal/bin/
PATH: //Applications/Topaz Photo AI.app/Contents/Resources/bin/
PATH: /Library/Apple/usr/bin/
PATH: /usr/local/MacGPG2/bin/
PATH: /Applications/VMware Fusion.app/Contents/Public/
PATH: /Users/kdubb/.cargo/bin/
PATH: /Users/kdubb/Library/Application Support/JetBrains/Toolbox/scripts/
PATH: /Users/kdubb/.orbstack/bin/


## ----------- ##
## Core tests. ##
## ----------- ##

configure:3072: looking for aux files: tap-driver.sh ltmain.sh ar-lib compile missing install-sh config.guess config.sub
configure:3085:  trying ./build-aux/
configure:3114:   ./build-aux/tap-driver.sh found
configure:3114:   ./build-aux/ltmain.sh found
configure:3114:   ./build-aux/ar-lib found
configure:3114:   ./build-aux/compile found
configure:3114:   ./build-aux/missing found
configure:3096:   ./build-aux/install-sh found
configure:3114:   ./build-aux/config.guess found
configure:3114:   ./build-aux/config.sub found
configure:3231: checking for m4
configure:3254: found /usr/bin/m4
configure:3268: result: /usr/bin/m4
configure:3290: checking build system type
configure:3306: result: aarch64-apple-darwin23.5.0
configure:3326: checking host system type
configure:3341: result: aarch64-apple-darwin23.5.0
configure:3361: checking target system type
configure:3376: result: aarch64-apple-darwin23.5.0
configure:3424: checking for a BSD-compatible install
configure:3498: result: /opt/homebrew/bin/ginstall -c
configure:3509: checking whether build environment is sane
configure:3564: result: yes
configure:3725: checking for a race-free mkdir -p
configure:3768: result: /opt/homebrew/bin/gmkdir -p
configure:3775: checking for gawk
configure:3811: result: no
configure:3775: checking for mawk
configure:3811: result: no
configure:3775: checking for nawk
configure:3811: result: no
configure:3775: checking for awk
configure:3796: found /usr/bin/awk
configure:3808: result: awk
configure:3819: checking whether make sets $(MAKE)
configure:3843: result: yes
configure:3873: checking whether make supports nested variables
configure:3892: result: yes
configure:4090: checking whether to enable debugging
configure:4156: result: no
configure:4257: checking for gcc
configure:4278: found /usr/bin/gcc
configure:4290: result: gcc
configure:4649: checking for C compiler version
configure:4658: gcc --version >&5
Apple clang version 15.0.0 (clang-1500.3.9.4)
Target: arm64-apple-darwin23.5.0
Thread model: posix
InstalledDir: /Applications/Xcode.app/Contents/Developer/Toolchains/XcodeDefault.xctoolchain/usr/bin
configure:4669: $? = 0
configure:4658: gcc -v >&5
Apple clang version 15.0.0 (clang-1500.3.9.4)
Target: arm64-apple-darwin23.5.0
Thread model: posix
InstalledDir: /Applications/Xcode.app/Contents/Developer/Toolchains/XcodeDefault.xctoolchain/usr/bin
configure:4669: $? = 0
configure:4658: gcc -V >&5
clang: error: argument to '-V' is missing (expected 1 value)
clang: error: no input files
configure:4669: $? = 1
configure:4658: gcc -qversion >&5
clang: error: unknown argument '-qversion'; did you mean '--version'?
clang: error: no input files
configure:4669: $? = 1
configure:4658: gcc -version >&5
clang: error: unknown argument '-version'; did you mean '--version'?
clang: error: no input files
configure:4669: $? = 1
configure:4689: checking whether the C compiler works
configure:4711: gcc    conftest.c  >&5
configure:4715: $? = 0
configure:4766: result: yes
configure:4770: checking for C compiler default output file name
configure:4772: result: a.out
configure:4778: checking for suffix of executables
configure:4785: gcc -o conftest    conftest.c  >&5
configure:4789: $? = 0
configure:4813: result: 
configure:4837: checking whether we are cross compiling
configure:4845: gcc -o conftest    conftest.c  >&5
configure:4849: $? = 0
configure:4856: ./conftest
configure:4860: $? = 0
configure:4875: result: no
configure:4881: checking for suffix of object files
configure:4904: gcc -c   conftest.c >&5
configure:4908: $? = 0
configure:4932: result: o
configure:4936: checking whether the compiler supports GNU C
configure:4956: gcc -c   conftest.c >&5
configure:4956: $? = 0
configure:4968: result: yes
configure:4979: checking whether gcc accepts -g
configure:5000: gcc -c -g  conftest.c >&5
configure:5000: $? = 0
configure:5047: result: yes
configure:5067: checking for gcc option to enable C11 features
configure:5082: gcc  -c   conftest.c >&5
configure:5082: $? = 0
configure:5101: result: none needed
configure:5225: checking whether gcc understands -c and -o together
configure:5248: gcc -c conftest.c -o conftest2.o
configure:5251: $? = 0
configure:5248: gcc -c conftest.c -o conftest2.o
configure:5251: $? = 0
configure:5264: result: yes
configure:5284: checking whether make supports the include directive
configure:5299: make -f confmf.GNU && cat confinc.out
this is the am__doit target
configure:5302: $? = 0
configure:5321: result: yes (GNU style)
configure:5347: checking dependency style of gcc
configure:5460: result: gcc3
configure:5485: checking dependency style of gcc
configure:5596: result: gcc3
configure:5618: checking for stdio.h
configure:5618: gcc -c   conftest.c >&5
configure:5618: $? = 0
configure:5618: result: yes
configure:5618: checking for stdlib.h
configure:5618: gcc -c   conftest.c >&5
configure:5618: $? = 0
configure:5618: result: yes
configure:5618: checking for string.h
configure:5618: gcc -c   conftest.c >&5
configure:5618: $? = 0
configure:5618: result: yes
configure:5618: checking for inttypes.h
configure:5618: gcc -c   conftest.c >&5
configure:5618: $? = 0
configure:5618: result: yes
configure:5618: checking for stdint.h
configure:5618: gcc -c   conftest.c >&5
configure:5618: $? = 0
configure:5618: result: yes
configure:5618: checking for strings.h
configure:5618: gcc -c   conftest.c >&5
configure:5618: $? = 0
configure:5618: result: yes
configure:5618: checking for sys/stat.h
configure:5618: gcc -c   conftest.c >&5
configure:5618: $? = 0
configure:5618: result: yes
configure:5618: checking for sys/types.h
configure:5618: gcc -c   conftest.c >&5
configure:5618: $? = 0
configure:5618: result: yes
configure:5618: checking for unistd.h
configure:5618: gcc -c   conftest.c >&5
configure:5618: $? = 0
configure:5618: result: yes
configure:5618: checking for wchar.h
configure:5618: gcc -c   conftest.c >&5
configure:5618: $? = 0
configure:5618: result: yes
configure:5618: checking for minix/config.h
configure:5618: gcc -c   conftest.c >&5
conftest.c:50:10: fatal error: 'minix/config.h' file not found
#include <minix/config.h>
         ^~~~~~~~~~~~~~~~
1 error generated.
configure:5618: $? = 1
configure: failed program was:
| /* confdefs.h */
| #define PACKAGE_NAME "libfyaml"
| #define PACKAGE_TARNAME "libfyaml"
| #define PACKAGE_VERSION "0.9"
| #define PACKAGE_STRING "libfyaml 0.9"
| #define PACKAGE_BUGREPORT "pantelis.antoniou@konsulko.com"
| #define PACKAGE_URL ""
| #define PACKAGE "libfyaml"
| #define VERSION "0.9"
| #define NDEBUG 1
| #define HAVE_STDIO_H 1
| #define HAVE_STDLIB_H 1
| #define HAVE_STRING_H 1
| #define HAVE_INTTYPES_H 1
| #define HAVE_STDINT_H 1
| #define HAVE_STRINGS_H 1
| #define HAVE_SYS_STAT_H 1
| #define HAVE_SYS_TYPES_H 1
| #define HAVE_UNISTD_H 1
| #define HAVE_WCHAR_H 1
| /* end confdefs.h.  */
| #include <stddef.h>
| #ifdef HAVE_STDIO_H
| # include <stdio.h>
| #endif
| #ifdef HAVE_STDLIB_H
| # include <stdlib.h>
| #endif
| #ifdef HAVE_STRING_H
| # include <string.h>
| #endif
| #ifdef HAVE_INTTYPES_H
| # include <inttypes.h>
| #endif
| #ifdef HAVE_STDINT_H
| # include <stdint.h>
| #endif
| #ifdef HAVE_STRINGS_H
| # include <strings.h>
| #endif
| #ifdef HAVE_SYS_TYPES_H
| # include <sys/types.h>
| #endif
| #ifdef HAVE_SYS_STAT_H
| # include <sys/stat.h>
| #endif
| #ifdef HAVE_UNISTD_H
| # include <unistd.h>
| #endif
| #include <minix/config.h>
configure:5618: result: no
configure:5649: checking whether it is safe to define __EXTENSIONS__
configure:5668: gcc -c   conftest.c >&5
configure:5668: $? = 0
configure:5678: result: yes
configure:5681: checking whether _XOPEN_SOURCE should be defined
configure:5703: gcc -c   conftest.c >&5
configure:5703: $? = 0
configure:5732: result: no
configure:5847: checking for ar
configure:5868: found /usr/bin/ar
configure:5880: result: ar
configure:5906: checking the archiver (ar) interface
configure:5923: gcc -c   conftest.c >&5
configure:5923: $? = 0
configure:5926: ar cru libconftest.a conftest.o >&5
configure:5929: $? = 0
configure:5958: result: ar
configure:6049: checking for g++
configure:6070: found /usr/bin/g++
configure:6082: result: g++
configure:6109: checking for C++ compiler version
configure:6118: g++ --version >&5
Apple clang version 15.0.0 (clang-1500.3.9.4)
Target: arm64-apple-darwin23.5.0
Thread model: posix
InstalledDir: /Applications/Xcode.app/Contents/Developer/Toolchains/XcodeDefault.xctoolchain/usr/bin
configure:6129: $? = 0
configure:6118: g++ -v >&5
Apple clang version 15.0.0 (clang-1500.3.9.4)
Target: arm64-apple-darwin23.5.0
Thread model: posix
InstalledDir: /Applications/Xcode.app/Contents/Developer/Toolchains/XcodeDefault.xctoolchain/usr/bin
configure:6129: $? = 0
configure:6118: g++ -V >&5
clang: error: argument to '-V' is missing (expected 1 value)
clang: error: no input files
configure:6129: $? = 1
configure:6118: g++ -qversion >&5
clang: error: unknown argument '-qversion'; did you mean '--version'?
clang: error: no input files
configure:6129: $? = 1
configure:6133: checking whether the compiler supports GNU C++
configure:6153: g++ -c   conftest.cpp >&5
configure:6153: $? = 0
configure:6165: result: yes
configure:6176: checking whether g++ accepts -g
configure:6197: g++ -c -g  conftest.cpp >&5
configure:6197: $? = 0
configure:6244: result: yes
configure:6264: checking for g++ option to enable C++11 features
configure:6279: g++  -c   conftest.cpp >&5
conftest.cpp:86:3: error: "Compiler does not advertise C++11 conformance"
# error "Compiler does not advertise C++11 conformance"
  ^
conftest.cpp:91:3: error: unknown type name 'constexpr'
  constexpr int get_val() { return 20; }
  ^
conftest.cpp:103:17: error: delegating constructors are permitted only in C++11
    delegate(): delegate(2354) {}
                ^~~~~~~~
conftest.cpp:114:26: warning: 'override' keyword is a C++11 extension [-Wc++11-extensions]
    virtual int getval() override final { return this->n * 2; }
                         ^
conftest.cpp:114:35: warning: 'final' keyword is a C++11 extension [-Wc++11-extensions]
    virtual int getval() override final { return this->n * 2; }
                                  ^
conftest.cpp:121:16: warning: defaulted function definitions are a C++11 extension [-Wc++11-extensions]
    nocopy() = default;
               ^
conftest.cpp:122:29: warning: deleted function definitions are a C++11 extension [-Wc++11-extensions]
    nocopy(const nocopy&) = delete;
                            ^
conftest.cpp:123:41: warning: deleted function definitions are a C++11 extension [-Wc++11-extensions]
    nocopy & operator=(const nocopy&) = delete;
                                        ^
conftest.cpp:135:25: warning: 'auto' type specifier is a C++11 extension [-Wc++11-extensions]
  template <typename V> auto sum(V first) -> V
                        ^
conftest.cpp:135:25: error: 'auto' not allowed in function return type
  template <typename V> auto sum(V first) -> V
                        ^~~~
conftest.cpp:135:42: error: expected ';' at end of declaration
  template <typename V> auto sum(V first) -> V
                                         ^
                                         ;
conftest.cpp:135:43: error: cannot use arrow operator on a type
  template <typename V> auto sum(V first) -> V
                                          ^
conftest.cpp:139:33: warning: variadic templates are a C++11 extension [-Wc++11-extensions]
  template <typename V, typename... Args> auto sum(V first, Args... rest) -> V
                                ^
conftest.cpp:139:43: warning: 'auto' type specifier is a C++11 extension [-Wc++11-extensions]
  template <typename V, typename... Args> auto sum(V first, Args... rest) -> V
                                          ^
conftest.cpp:139:43: error: 'auto' not allowed in function return type
  template <typename V, typename... Args> auto sum(V first, Args... rest) -> V
                                          ^~~~
conftest.cpp:139:74: error: expected ';' at end of declaration
  template <typename V, typename... Args> auto sum(V first, Args... rest) -> V
                                                                         ^
                                                                         ;
conftest.cpp:139:75: error: cannot use arrow operator on a type
  template <typename V, typename... Args> auto sum(V first, Args... rest) -> V
                                                                          ^
conftest.cpp:163:3: warning: 'auto' type specifier is a C++11 extension [-Wc++11-extensions]
  auto a1 = 6538;
  ^
conftest.cpp:164:3: warning: 'auto' type specifier is a C++11 extension [-Wc++11-extensions]
  auto a2 = 48573953.4;
  ^
conftest.cpp:165:3: warning: 'auto' type specifier is a C++11 extension [-Wc++11-extensions]
  auto a3 = "String literal";
  ^
conftest.cpp:168:8: warning: 'auto' type specifier is a C++11 extension [-Wc++11-extensions]
  for (auto i = a3; *i; ++i) { total += *i; }
       ^
conftest.cpp:184:8: warning: 'auto' type specifier is a C++11 extension [-Wc++11-extensions]
  for (auto &x : array) { x += 23; }
       ^
conftest.cpp:184:16: warning: range-based for loop is a C++11 extension [-Wc++11-extensions]
  for (auto &x : array) { x += 23; }
               ^
conftest.cpp:189:17: error: expected expression
  assert (eval ([](int x) { return x*2; }, 21) == 42);
                ^
conftest.cpp:191:17: error: expected expression
  assert (eval ([&](double x) { return d += x; }, 3.0) == 5.0);
                ^
conftest.cpp:193:17: error: expected expression
  assert (eval ([=](double x) mutable { return d += x; }, 4.0) == 9.0);
                ^
conftest.cpp:199:3: warning: 'auto' type specifier is a C++11 extension [-Wc++11-extensions]
  auto a = sum(1);
  ^
conftest.cpp:199:12: error: no matching function for call to 'sum'
  auto a = sum(1);
           ^~~
conftest.cpp:200:3: warning: 'auto' type specifier is a C++11 extension [-Wc++11-extensions]
  auto b = sum(1, 2);
  ^
conftest.cpp:200:12: error: no matching function for call to 'sum'
  auto b = sum(1, 2);
           ^~~
conftest.cpp:201:3: warning: 'auto' type specifier is a C++11 extension [-Wc++11-extensions]
  auto c = sum(1.0, 2.0, 3.0);
  ^
conftest.cpp:201:12: error: no matching function for call to 'sum'
  auto c = sum(1.0, 2.0, 3.0);
           ^~~
conftest.cpp:206:25: warning: empty parentheses interpreted as a function declaration [-Wvexing-parse]
  cxx11test::delegate d2();
                        ^~
conftest.cpp:206:25: note: remove parentheses to declare a variable
  cxx11test::delegate d2();
                        ^~
conftest.cpp:219:16: error: found '<::' after a template name which forms the digraph '<:' (aka '[') and a ':', did you mean '< ::'?
  test_template<::test_template<int>> v(test_template<int>(12));
               ^~~
               < ::
conftest.cpp:219:36: error: a space is required between consecutive right angle brackets (use '> >')
  test_template<::test_template<int>> v(test_template<int>(12));
                                   ^~
                                   > >
conftest.cpp:223:22: error: use of undeclared identifier 'u8'
  char const *utf8 = u8"UTF-8 string \u2500";
                     ^
conftest.cpp:223:24: error: expected ';' at end of declaration
  char const *utf8 = u8"UTF-8 string \u2500";
                       ^
                       ;
fatal error: too many errors emitted, stopping now [-ferror-limit=]
18 warnings and 20 errors generated.
configure:6279: $? = 1
configure: failed program was:
| /* confdefs.h */
| #define PACKAGE_NAME "libfyaml"
| #define PACKAGE_TARNAME "libfyaml"
| #define PACKAGE_VERSION "0.9"
| #define PACKAGE_STRING "libfyaml 0.9"
| #define PACKAGE_BUGREPORT "pantelis.antoniou@konsulko.com"
| #define PACKAGE_URL ""
| #define PACKAGE "libfyaml"
| #define VERSION "0.9"
| #define NDEBUG 1
| #define HAVE_STDIO_H 1
| #define HAVE_STDLIB_H 1
| #define HAVE_STRING_H 1
| #define HAVE_INTTYPES_H 1
| #define HAVE_STDINT_H 1
| #define HAVE_STRINGS_H 1
| #define HAVE_SYS_STAT_H 1
| #define HAVE_SYS_TYPES_H 1
| #define HAVE_UNISTD_H 1
| #define HAVE_WCHAR_H 1
| #define STDC_HEADERS 1
| #define _ALL_SOURCE 1
| #define _DARWIN_C_SOURCE 1
| #define _GNU_SOURCE 1
| #define _HPUX_ALT_XOPEN_SOCKET_API 1
| #define _NETBSD_SOURCE 1
| #define _OPENBSD_SOURCE 1
| #define _POSIX_PTHREAD_SEMANTICS 1
| #define __STDC_WANT_IEC_60559_ATTRIBS_EXT__ 1
| #define __STDC_WANT_IEC_60559_BFP_EXT__ 1
| #define __STDC_WANT_IEC_60559_DFP_EXT__ 1
| #define __STDC_WANT_IEC_60559_EXT__ 1
| #define __STDC_WANT_IEC_60559_FUNCS_EXT__ 1
| #define __STDC_WANT_IEC_60559_TYPES_EXT__ 1
| #define __STDC_WANT_LIB_EXT2__ 1
| #define __STDC_WANT_MATH_SPEC_FUNCS__ 1
| #define _TANDEM_SOURCE 1
| #define __EXTENSIONS__ 1
| /* end confdefs.h.  */
| 
| // Does the compiler advertise C++98 conformance?
| #if !defined __cplusplus || __cplusplus < 199711L
| # error "Compiler does not advertise C++98 conformance"
| #endif
| 
| // These inclusions are to reject old compilers that
| // lack the unsuffixed header files.
| #include <cstdlib>
| #include <exception>
| 
| // <cassert> and <cstring> are *not* freestanding headers in C++98.
| extern void assert (int);
| namespace std {
|   extern int strcmp (const char *, const char *);
| }
| 
| // Namespaces, exceptions, and templates were all added after "C++ 2.0".
| using std::exception;
| using std::strcmp;
| 
| namespace {
| 
| void test_exception_syntax()
| {
|   try {
|     throw "test";
|   } catch (const char *s) {
|     // Extra parentheses suppress a warning when building autoconf itself,
|     // due to lint rules shared with more typical C programs.
|     assert (!(strcmp) (s, "test"));
|   }
| }
| 
| template <typename T> struct test_template
| {
|   T const val;
|   explicit test_template(T t) : val(t) {}
|   template <typename U> T add(U u) { return static_cast<T>(u) + val; }
| };
| 
| } // anonymous namespace
| 
| 
| // Does the compiler advertise C++ 2011 conformance?
| #if !defined __cplusplus || __cplusplus < 201103L
| # error "Compiler does not advertise C++11 conformance"
| #endif
| 
| namespace cxx11test
| {
|   constexpr int get_val() { return 20; }
| 
|   struct testinit
|   {
|     int i;
|     double d;
|   };
| 
|   class delegate
|   {
|   public:
|     delegate(int n) : n(n) {}
|     delegate(): delegate(2354) {}
| 
|     virtual int getval() { return this->n; };
|   protected:
|     int n;
|   };
| 
|   class overridden : public delegate
|   {
|   public:
|     overridden(int n): delegate(n) {}
|     virtual int getval() override final { return this->n * 2; }
|   };
| 
|   class nocopy
|   {
|   public:
|     nocopy(int i): i(i) {}
|     nocopy() = default;
|     nocopy(const nocopy&) = delete;
|     nocopy & operator=(const nocopy&) = delete;
|   private:
|     int i;
|   };
| 
|   // for testing lambda expressions
|   template <typename Ret, typename Fn> Ret eval(Fn f, Ret v)
|   {
|     return f(v);
|   }
| 
|   // for testing variadic templates and trailing return types
|   template <typename V> auto sum(V first) -> V
|   {
|     return first;
|   }
|   template <typename V, typename... Args> auto sum(V first, Args... rest) -> V
|   {
|     return first + sum(rest...);
|   }
| }
| 
| 
| int
| main (int argc, char **argv)
| {
|   int ok = 0;
|   
|   assert (argc);
|   assert (! argv[0]);
| {
|   test_exception_syntax ();
|   test_template<double> tt (2.0);
|   assert (tt.add (4) == 6.0);
|   assert (true && !false);
| }
| 
|   
| {
|   // Test auto and decltype
|   auto a1 = 6538;
|   auto a2 = 48573953.4;
|   auto a3 = "String literal";
| 
|   int total = 0;
|   for (auto i = a3; *i; ++i) { total += *i; }
| 
|   decltype(a2) a4 = 34895.034;
| }
| {
|   // Test constexpr
|   short sa[cxx11test::get_val()] = { 0 };
| }
| {
|   // Test initializer lists
|   cxx11test::testinit il = { 4323, 435234.23544 };
| }
| {
|   // Test range-based for
|   int array[] = {9, 7, 13, 15, 4, 18, 12, 10, 5, 3,
|                  14, 19, 17, 8, 6, 20, 16, 2, 11, 1};
|   for (auto &x : array) { x += 23; }
| }
| {
|   // Test lambda expressions
|   using cxx11test::eval;
|   assert (eval ([](int x) { return x*2; }, 21) == 42);
|   double d = 2.0;
|   assert (eval ([&](double x) { return d += x; }, 3.0) == 5.0);
|   assert (d == 5.0);
|   assert (eval ([=](double x) mutable { return d += x; }, 4.0) == 9.0);
|   assert (d == 5.0);
| }
| {
|   // Test use of variadic templates
|   using cxx11test::sum;
|   auto a = sum(1);
|   auto b = sum(1, 2);
|   auto c = sum(1.0, 2.0, 3.0);
| }
| {
|   // Test constructor delegation
|   cxx11test::delegate d1;
|   cxx11test::delegate d2();
|   cxx11test::delegate d3(45);
| }
| {
|   // Test override and final
|   cxx11test::overridden o1(55464);
| }
| {
|   // Test nullptr
|   char *c = nullptr;
| }
| {
|   // Test template brackets
|   test_template<::test_template<int>> v(test_template<int>(12));
| }
| {
|   // Unicode literals
|   char const *utf8 = u8"UTF-8 string \u2500";
|   char16_t const *utf16 = u"UTF-8 string \u2500";
|   char32_t const *utf32 = U"UTF-32 string \u2500";
| }
| 
|   return ok;
| }
| 
configure:6279: g++ -std=gnu++11 -c   conftest.cpp >&5
conftest.cpp:206:25: warning: empty parentheses interpreted as a function declaration [-Wvexing-parse]
  cxx11test::delegate d2();
                        ^~
conftest.cpp:206:25: note: remove parentheses to declare a variable
  cxx11test::delegate d2();
                        ^~
1 warning generated.
configure:6279: $? = 0
configure:6301: result: -std=gnu++11
configure:6369: checking dependency style of g++ -std=gnu++11
configure:6482: result: gcc3
configure:6501: checking for gawk
configure:6534: result: awk
configure:6545: checking whether ln -s works
configure:6549: result: yes
configure:6679: checking whether pthreads work with -pthread
configure:6773: gcc -o conftest  -pthread   conftest.c   >&5
configure:6773: $? = 0
configure:6783: result: yes
configure:6802: checking for joinable pthread attribute
configure:6817: gcc -o conftest  -pthread   conftest.c   >&5
configure:6817: $? = 0
configure:6824: result: PTHREAD_CREATE_JOINABLE
configure:6832: checking if more special flags are required for pthreads
configure:6846: result: -D_THREAD_SAFE
configure:6852: checking for PTHREAD_PRIO_INHERIT
configure:6871: gcc -o conftest  -pthread   conftest.c   >&5
configure:6871: $? = 0
configure:6883: result: yes
configure:7060: checking for pkg-config
configure:7083: found /opt/homebrew/bin/pkg-config
configure:7096: result: /opt/homebrew/bin/pkg-config
configure:7121: checking pkg-config is at least version 0.9.0
configure:7124: result: yes
configure:7181: checking how to print strings
configure:7208: result: printf
configure:7229: checking for a sed that does not truncate output
configure:7301: result: /usr/bin/sed
configure:7319: checking for grep that handles long lines and -e
configure:7385: result: /usr/bin/grep
configure:7390: checking for egrep
configure:7460: result: /usr/bin/grep -E
configure:7467: checking for fgrep
configure:7537: result: /usr/bin/grep -F
configure:7574: checking for ld used by gcc
configure:7643: result: /Applications/Xcode.app/Contents/Developer/Toolchains/XcodeDefault.xctoolchain/usr/bin/ld
configure:7650: checking if the linker (/Applications/Xcode.app/Contents/Developer/Toolchains/XcodeDefault.xctoolchain/usr/bin/ld) is GNU ld
configure:7667: result: no
configure:7679: checking for BSD- or MS-compatible name lister (nm)
configure:7735: result: /usr/bin/nm -B
configure:7877: checking the name lister (/usr/bin/nm -B) interface
configure:7885: gcc -c  -D_THREAD_SAFE -pthread  conftest.c >&5
configure:7888: /usr/bin/nm -B "conftest.o"
configure:7891: output
0000000000000000 S _some_variable
0000000000000000 t ltmp0
0000000000000000 s ltmp1
configure:7899: result: BSD nm
configure:7903: checking the maximum length of command line arguments
configure:8036: result: 786432
configure:8084: checking how to convert aarch64-apple-darwin23.5.0 file names to aarch64-apple-darwin23.5.0 format
configure:8126: result: func_convert_file_noop
configure:8133: checking how to convert aarch64-apple-darwin23.5.0 file names to toolchain format
configure:8155: result: func_convert_file_noop
configure:8162: checking for /Applications/Xcode.app/Contents/Developer/Toolchains/XcodeDefault.xctoolchain/usr/bin/ld option to reload object files
configure:8171: result: -r
configure:8251: checking for file
configure:8272: found /usr/bin/file
configure:8284: result: file
configure:8361: checking for objdump
configure:8382: found /usr/bin/objdump
configure:8394: result: objdump
configure:8423: checking how to recognize dependent libraries
configure:8625: result: pass_all
configure:8716: checking for dlltool
configure:8752: result: no
configure:8779: checking how to associate runtime and link libraries
configure:8808: result: printf %s\n
configure:8960: checking for archiver @FILE support
configure:8978: gcc -c  -D_THREAD_SAFE -pthread  conftest.c >&5
configure:8978: $? = 0
configure:8982: ar cr libconftest.a @conftest.lst >&5
ar: @conftest.lst: No such file or directory
configure:8985: $? = 1
configure:9006: result: no
configure:9070: checking for strip
configure:9091: found /usr/bin/strip
configure:9103: result: strip
configure:9181: checking for ranlib
configure:9202: found /usr/bin/ranlib
configure:9214: result: ranlib
configure:9316: checking command to parse /usr/bin/nm -B output from gcc object
configure:9470: gcc -c  -D_THREAD_SAFE -pthread  conftest.c >&5
configure:9473: $? = 0
configure:9477: /usr/bin/nm -B conftest.o \| /usr/bin/sed -n -e 's/^.*[ ]\([ABCDGIRSTW][ABCDGIRSTW]*\)[ ][ ]*\([_A-Za-z][_A-Za-z0-9]*\)$/\1 \2 \2/p' | /usr/bin/sed '/ __gnu_lto/d' \> conftest.nm
configure:9480: $? = 0
cannot find nm_test_var in conftest.nm
configure:9470: gcc -c  -D_THREAD_SAFE -pthread  conftest.c >&5
configure:9473: $? = 0
configure:9477: /usr/bin/nm -B conftest.o \| /usr/bin/sed -n -e 's/^.*[ ]\([ABCDGIRSTW][ABCDGIRSTW]*\)[ ][ ]*_\([_A-Za-z][_A-Za-z0-9]*\)$/\1 _\2 \2/p' | /usr/bin/sed '/ __gnu_lto/d' \> conftest.nm
configure:9480: $? = 0
configure:9546: gcc -o conftest  -D_THREAD_SAFE -pthread   conftest.c conftstm.o >&5
configure:9549: $? = 0
configure:9588: result: ok
configure:9635: checking for sysroot
configure:9667: result: no
configure:9674: checking for a working dd
configure:9719: result: /bin/dd
configure:9723: checking how to truncate binary pipes
configure:9740: result: /bin/dd bs=4096 count=1
configure:10080: checking for mt
configure:10116: result: no
configure:10136: checking if : is a manifest tool
configure:10143: : '-?'
configure:10152: result: no
configure:10214: checking for dsymutil
configure:10235: found /usr/bin/dsymutil
configure:10247: result: dsymutil
configure:10318: checking for nmedit
configure:10339: found /usr/bin/nmedit
configure:10351: result: nmedit
configure:10422: checking for lipo
configure:10443: found /usr/bin/lipo
configure:10455: result: lipo
configure:10526: checking for otool
configure:10547: found /usr/bin/otool
configure:10559: result: otool
configure:10630: checking for otool64
configure:10666: result: no
configure:10711: checking for -single_module linker flag
gcc  -D_THREAD_SAFE -pthread  -o libconftest.dylib -dynamiclib -Wl,-single_module conftest.c
ld: warning: -single_module is obsolete
configure:10746: result: no
configure:10749: checking for -exported_symbols_list linker flag
configure:10770: gcc -o conftest  -D_THREAD_SAFE -pthread   -Wl,-exported_symbols_list,conftest.sym conftest.c  -lpthread >&5
configure:10770: $? = 0
configure:10783: result: yes
configure:10786: checking for -force_load linker flag
gcc  -D_THREAD_SAFE -pthread -c -o conftest.o conftest.c
ar cr libconftest.a conftest.o
ranlib libconftest.a
gcc  -D_THREAD_SAFE -pthread  -o conftest conftest.c -Wl,-force_load,./libconftest.a
configure:10820: result: yes
configure:10887: checking for dlfcn.h
configure:10887: gcc -c  -D_THREAD_SAFE -pthread  conftest.c >&5
configure:10887: $? = 0
configure:10887: result: yes
configure:11496: checking for objdir
configure:11513: result: .libs
configure:11779: checking if gcc supports -fno-rtti -fno-exceptions
configure:11798: gcc -c  -D_THREAD_SAFE -pthread  -fno-rtti -fno-exceptions conftest.c >&5
configure:11802: $? = 0
configure:11816: result: yes
configure:12174: checking for gcc option to produce PIC
configure:12183: result: -fno-common -DPIC
configure:12191: checking if gcc PIC flag -fno-common -DPIC works
configure:12210: gcc -c  -D_THREAD_SAFE -pthread  -fno-common -DPIC -DPIC conftest.c >&5
configure:12214: $? = 0
configure:12228: result: yes
configure:12257: checking if gcc static flag -static works
configure:12287: result: no
configure:12302: checking if gcc supports -c -o file.o
configure:12324: gcc -c  -D_THREAD_SAFE -pthread  -o out/conftest2.o conftest.c >&5
configure:12328: $? = 0
configure:12351: result: yes
configure:12359: checking if gcc supports -c -o file.o
configure:12408: result: yes
configure:12441: checking whether the gcc linker (/Applications/Xcode.app/Contents/Developer/Toolchains/XcodeDefault.xctoolchain/usr/bin/ld) supports shared libraries
configure:13714: result: yes
configure:13956: checking dynamic linker characteristics
configure:14778: result: darwin23.5.0 dyld
configure:14900: checking how to hardcode library paths into programs
configure:14925: result: immediate
configure:14970: checking for dlopen in -ldl
configure:14999: gcc -o conftest  -D_THREAD_SAFE -pthread   conftest.c -ldl   -lpthread >&5
configure:14999: $? = 0
configure:15011: result: yes
configure:15275: checking whether a program can dlopen itself
configure:15356: gcc -o conftest  -D_THREAD_SAFE -pthread  -DHAVE_DLFCN_H   conftest.c -ldl  -lpthread >&5
configure:15359: $? = 0
configure:15378: result: yes
configure:15383: checking whether a statically linked program can dlopen itself
configure:15464: gcc -o conftest  -D_THREAD_SAFE -pthread  -DHAVE_DLFCN_H    conftest.c -ldl  -lpthread >&5
configure:15467: $? = 0
configure:15486: result: yes
configure:15525: checking whether stripping libraries is possible
configure:15542: result: yes
configure:15576: checking if libtool supports shared libraries
configure:15578: result: yes
configure:15581: checking whether to build shared libraries
configure:15606: result: yes
configure:15609: checking whether to build static libraries
configure:15613: result: yes
configure:15636: checking how to run the C++ preprocessor
configure:15658: g++ -std=gnu++11 -E  conftest.cpp
configure:15658: $? = 0
configure:15674: g++ -std=gnu++11 -E  conftest.cpp
conftest.cpp:44:10: fatal error: 'ac_nonexistent.h' file not found
#include <ac_nonexistent.h>
         ^~~~~~~~~~~~~~~~~~
1 error generated.
configure:15674: $? = 1
configure: failed program was:
| /* confdefs.h */
| #define PACKAGE_NAME "libfyaml"
| #define PACKAGE_TARNAME "libfyaml"
| #define PACKAGE_VERSION "0.9"
| #define PACKAGE_STRING "libfyaml 0.9"
| #define PACKAGE_BUGREPORT "pantelis.antoniou@konsulko.com"
| #define PACKAGE_URL ""
| #define PACKAGE "libfyaml"
| #define VERSION "0.9"
| #define NDEBUG 1
| #define HAVE_STDIO_H 1
| #define HAVE_STDLIB_H 1
| #define HAVE_STRING_H 1
| #define HAVE_INTTYPES_H 1
| #define HAVE_STDINT_H 1
| #define HAVE_STRINGS_H 1
| #define HAVE_SYS_STAT_H 1
| #define HAVE_SYS_TYPES_H 1
| #define HAVE_UNISTD_H 1
| #define HAVE_WCHAR_H 1
| #define STDC_HEADERS 1
| #define _ALL_SOURCE 1
| #define _DARWIN_C_SOURCE 1
| #define _GNU_SOURCE 1
| #define _HPUX_ALT_XOPEN_SOCKET_API 1
| #define _NETBSD_SOURCE 1
| #define _OPENBSD_SOURCE 1
| #define _POSIX_PTHREAD_SEMANTICS 1
| #define __STDC_WANT_IEC_60559_ATTRIBS_EXT__ 1
| #define __STDC_WANT_IEC_60559_BFP_EXT__ 1
| #define __STDC_WANT_IEC_60559_DFP_EXT__ 1
| #define __STDC_WANT_IEC_60559_EXT__ 1
| #define __STDC_WANT_IEC_60559_FUNCS_EXT__ 1
| #define __STDC_WANT_IEC_60559_TYPES_EXT__ 1
| #define __STDC_WANT_LIB_EXT2__ 1
| #define __STDC_WANT_MATH_SPEC_FUNCS__ 1
| #define _TANDEM_SOURCE 1
| #define __EXTENSIONS__ 1
| #define HAVE_PTHREAD_PRIO_INHERIT 1
| #define HAVE_PTHREAD 1
| #define HAVE_DLFCN_H 1
| #define LT_OBJDIR ".libs/"
| /* end confdefs.h.  */
| #include <ac_nonexistent.h>
configure:15703: result: g++ -std=gnu++11 -E
configure:15717: g++ -std=gnu++11 -E  conftest.cpp
configure:15717: $? = 0
configure:15733: g++ -std=gnu++11 -E  conftest.cpp
conftest.cpp:44:10: fatal error: 'ac_nonexistent.h' file not found
#include <ac_nonexistent.h>
         ^~~~~~~~~~~~~~~~~~
1 error generated.
configure:15733: $? = 1
configure: failed program was:
| /* confdefs.h */
| #define PACKAGE_NAME "libfyaml"
| #define PACKAGE_TARNAME "libfyaml"
| #define PACKAGE_VERSION "0.9"
| #define PACKAGE_STRING "libfyaml 0.9"
| #define PACKAGE_BUGREPORT "pantelis.antoniou@konsulko.com"
| #define PACKAGE_URL ""
| #define PACKAGE "libfyaml"
| #define VERSION "0.9"
| #define NDEBUG 1
| #define HAVE_STDIO_H 1
| #define HAVE_STDLIB_H 1
| #define HAVE_STRING_H 1
| #define HAVE_INTTYPES_H 1
| #define HAVE_STDINT_H 1
| #define HAVE_STRINGS_H 1
| #define HAVE_SYS_STAT_H 1
| #define HAVE_SYS_TYPES_H 1
| #define HAVE_UNISTD_H 1
| #define HAVE_WCHAR_H 1
| #define STDC_HEADERS 1
| #define _ALL_SOURCE 1
| #define _DARWIN_C_SOURCE 1
| #define _GNU_SOURCE 1
| #define _HPUX_ALT_XOPEN_SOCKET_API 1
| #define _NETBSD_SOURCE 1
| #define _OPENBSD_SOURCE 1
| #define _POSIX_PTHREAD_SEMANTICS 1
| #define __STDC_WANT_IEC_60559_ATTRIBS_EXT__ 1
| #define __STDC_WANT_IEC_60559_BFP_EXT__ 1
| #define __STDC_WANT_IEC_60559_DFP_EXT__ 1
| #define __STDC_WANT_IEC_60559_EXT__ 1
| #define __STDC_WANT_IEC_60559_FUNCS_EXT__ 1
| #define __STDC_WANT_IEC_60559_TYPES_EXT__ 1
| #define __STDC_WANT_LIB_EXT2__ 1
| #define __STDC_WANT_MATH_SPEC_FUNCS__ 1
| #define _TANDEM_SOURCE 1
| #define __EXTENSIONS__ 1
| #define HAVE_PTHREAD_PRIO_INHERIT 1
| #define HAVE_PTHREAD 1
| #define HAVE_DLFCN_H 1
| #define LT_OBJDIR ".libs/"
| /* end confdefs.h.  */
| #include <ac_nonexistent.h>
configure:15901: checking for ld used by g++ -std=gnu++11
configure:15970: result: /Applications/Xcode.app/Contents/Developer/Toolchains/XcodeDefault.xctoolchain/usr/bin/ld
configure:15977: checking if the linker (/Applications/Xcode.app/Contents/Developer/Toolchains/XcodeDefault.xctoolchain/usr/bin/ld) is GNU ld
configure:15994: result: no
configure:16049: checking whether the g++ -std=gnu++11 linker (/Applications/Xcode.app/Contents/Developer/Toolchains/XcodeDefault.xctoolchain/usr/bin/ld) supports shared libraries
configure:17129: result: yes
configure:17165: g++ -std=gnu++11 -c   conftest.cpp >&5
configure:17168: $? = 0
configure:17649: checking for g++ -std=gnu++11 option to produce PIC
configure:17658: result: -fno-common -DPIC
configure:17666: checking if g++ -std=gnu++11 PIC flag -fno-common -DPIC works
configure:17685: g++ -std=gnu++11 -c   -fno-common -DPIC -DPIC conftest.cpp >&5
configure:17689: $? = 0
configure:17703: result: yes
configure:17726: checking if g++ -std=gnu++11 static flag -static works
configure:17756: result: no
configure:17768: checking if g++ -std=gnu++11 supports -c -o file.o
configure:17790: g++ -std=gnu++11 -c   -o out/conftest2.o conftest.cpp >&5
configure:17794: $? = 0
configure:17817: result: yes
configure:17822: checking if g++ -std=gnu++11 supports -c -o file.o
configure:17871: result: yes
configure:17901: checking whether the g++ -std=gnu++11 linker (/Applications/Xcode.app/Contents/Developer/Toolchains/XcodeDefault.xctoolchain/usr/bin/ld) supports shared libraries
configure:17941: result: yes
configure:18084: checking dynamic linker characteristics
configure:18833: result: darwin23.5.0 dyld
configure:18898: checking how to hardcode library paths into programs
configure:18923: result: immediate
configure:18991: checking for an ANSI C-conforming const
configure:19058: gcc -c  -D_THREAD_SAFE -pthread  conftest.c >&5
configure:19058: $? = 0
configure:19068: result: yes
configure:19076: checking whether byte ordering is bigendian
configure:19092: gcc -c  -D_THREAD_SAFE -pthread  conftest.c >&5
configure:19092: $? = 0
configure:19138: gcc -c  -D_THREAD_SAFE -pthread  conftest.c >&5
configure:19138: $? = 0
configure:19157: gcc -c  -D_THREAD_SAFE -pthread  conftest.c >&5
conftest.c:51:4: error: use of undeclared identifier 'not'
                 not big endian
                 ^
1 error generated.
configure:19157: $? = 1
configure: failed program was:
| /* confdefs.h */
| #define PACKAGE_NAME "libfyaml"
| #define PACKAGE_TARNAME "libfyaml"
| #define PACKAGE_VERSION "0.9"
| #define PACKAGE_STRING "libfyaml 0.9"
| #define PACKAGE_BUGREPORT "pantelis.antoniou@konsulko.com"
| #define PACKAGE_URL ""
| #define PACKAGE "libfyaml"
| #define VERSION "0.9"
| #define NDEBUG 1
| #define HAVE_STDIO_H 1
| #define HAVE_STDLIB_H 1
| #define HAVE_STRING_H 1
| #define HAVE_INTTYPES_H 1
| #define HAVE_STDINT_H 1
| #define HAVE_STRINGS_H 1
| #define HAVE_SYS_STAT_H 1
| #define HAVE_SYS_TYPES_H 1
| #define HAVE_UNISTD_H 1
| #define HAVE_WCHAR_H 1
| #define STDC_HEADERS 1
| #define _ALL_SOURCE 1
| #define _DARWIN_C_SOURCE 1
| #define _GNU_SOURCE 1
| #define _HPUX_ALT_XOPEN_SOCKET_API 1
| #define _NETBSD_SOURCE 1
| #define _OPENBSD_SOURCE 1
| #define _POSIX_PTHREAD_SEMANTICS 1
| #define __STDC_WANT_IEC_60559_ATTRIBS_EXT__ 1
| #define __STDC_WANT_IEC_60559_BFP_EXT__ 1
| #define __STDC_WANT_IEC_60559_DFP_EXT__ 1
| #define __STDC_WANT_IEC_60559_EXT__ 1
| #define __STDC_WANT_IEC_60559_FUNCS_EXT__ 1
| #define __STDC_WANT_IEC_60559_TYPES_EXT__ 1
| #define __STDC_WANT_LIB_EXT2__ 1
| #define __STDC_WANT_MATH_SPEC_FUNCS__ 1
| #define _TANDEM_SOURCE 1
| #define __EXTENSIONS__ 1
| #define HAVE_PTHREAD_PRIO_INHERIT 1
| #define HAVE_PTHREAD 1
| #define HAVE_DLFCN_H 1
| #define LT_OBJDIR ".libs/"
| /* end confdefs.h.  */
| #include <sys/types.h>
| 		#include <sys/param.h>
| 
| int
| main (void)
| {
| #if BYTE_ORDER != BIG_ENDIAN
| 		 not big endian
| 		#endif
| 
|   ;
|   return 0;
| }
configure:19298: result: no
configure:19317: checking for pid_t
configure:19317: gcc -c  -D_THREAD_SAFE -pthread  conftest.c >&5
configure:19317: $? = 0
configure:19317: gcc -c  -D_THREAD_SAFE -pthread  conftest.c >&5
conftest.c:76:20: error: expected expression
if (sizeof ((pid_t)))
                   ^
1 error generated.
configure:19317: $? = 1
configure: failed program was:
| /* confdefs.h */
| #define PACKAGE_NAME "libfyaml"
| #define PACKAGE_TARNAME "libfyaml"
| #define PACKAGE_VERSION "0.9"
| #define PACKAGE_STRING "libfyaml 0.9"
| #define PACKAGE_BUGREPORT "pantelis.antoniou@konsulko.com"
| #define PACKAGE_URL ""
| #define PACKAGE "libfyaml"
| #define VERSION "0.9"
| #define NDEBUG 1
| #define HAVE_STDIO_H 1
| #define HAVE_STDLIB_H 1
| #define HAVE_STRING_H 1
| #define HAVE_INTTYPES_H 1
| #define HAVE_STDINT_H 1
| #define HAVE_STRINGS_H 1
| #define HAVE_SYS_STAT_H 1
| #define HAVE_SYS_TYPES_H 1
| #define HAVE_UNISTD_H 1
| #define HAVE_WCHAR_H 1
| #define STDC_HEADERS 1
| #define _ALL_SOURCE 1
| #define _DARWIN_C_SOURCE 1
| #define _GNU_SOURCE 1
| #define _HPUX_ALT_XOPEN_SOCKET_API 1
| #define _NETBSD_SOURCE 1
| #define _OPENBSD_SOURCE 1
| #define _POSIX_PTHREAD_SEMANTICS 1
| #define __STDC_WANT_IEC_60559_ATTRIBS_EXT__ 1
| #define __STDC_WANT_IEC_60559_BFP_EXT__ 1
| #define __STDC_WANT_IEC_60559_DFP_EXT__ 1
| #define __STDC_WANT_IEC_60559_EXT__ 1
| #define __STDC_WANT_IEC_60559_FUNCS_EXT__ 1
| #define __STDC_WANT_IEC_60559_TYPES_EXT__ 1
| #define __STDC_WANT_LIB_EXT2__ 1
| #define __STDC_WANT_MATH_SPEC_FUNCS__ 1
| #define _TANDEM_SOURCE 1
| #define __EXTENSIONS__ 1
| #define HAVE_PTHREAD_PRIO_INHERIT 1
| #define HAVE_PTHREAD 1
| #define HAVE_DLFCN_H 1
| #define LT_OBJDIR ".libs/"
| /* end confdefs.h.  */
| #include <stddef.h>
| #ifdef HAVE_STDIO_H
| # include <stdio.h>
| #endif
| #ifdef HAVE_STDLIB_H
| # include <stdlib.h>
| #endif
| #ifdef HAVE_STRING_H
| # include <string.h>
| #endif
| #ifdef HAVE_INTTYPES_H
| # include <inttypes.h>
| #endif
| #ifdef HAVE_STDINT_H
| # include <stdint.h>
| #endif
| #ifdef HAVE_STRINGS_H
| # include <strings.h>
| #endif
| #ifdef HAVE_SYS_TYPES_H
| # include <sys/types.h>
| #endif
| #ifdef HAVE_SYS_STAT_H
| # include <sys/stat.h>
| #endif
| #ifdef HAVE_UNISTD_H
| # include <unistd.h>
| #endif
| 
| int
| main (void)
| {
| if (sizeof ((pid_t)))
| 	    return 0;
|   ;
|   return 0;
| }
configure:19317: result: yes
configure:19355: checking for size_t
configure:19355: gcc -c  -D_THREAD_SAFE -pthread  conftest.c >&5
configure:19355: $? = 0
configure:19355: gcc -c  -D_THREAD_SAFE -pthread  conftest.c >&5
conftest.c:75:21: error: expected expression
if (sizeof ((size_t)))
                    ^
1 error generated.
configure:19355: $? = 1
configure: failed program was:
| /* confdefs.h */
| #define PACKAGE_NAME "libfyaml"
| #define PACKAGE_TARNAME "libfyaml"
| #define PACKAGE_VERSION "0.9"
| #define PACKAGE_STRING "libfyaml 0.9"
| #define PACKAGE_BUGREPORT "pantelis.antoniou@konsulko.com"
| #define PACKAGE_URL ""
| #define PACKAGE "libfyaml"
| #define VERSION "0.9"
| #define NDEBUG 1
| #define HAVE_STDIO_H 1
| #define HAVE_STDLIB_H 1
| #define HAVE_STRING_H 1
| #define HAVE_INTTYPES_H 1
| #define HAVE_STDINT_H 1
| #define HAVE_STRINGS_H 1
| #define HAVE_SYS_STAT_H 1
| #define HAVE_SYS_TYPES_H 1
| #define HAVE_UNISTD_H 1
| #define HAVE_WCHAR_H 1
| #define STDC_HEADERS 1
| #define _ALL_SOURCE 1
| #define _DARWIN_C_SOURCE 1
| #define _GNU_SOURCE 1
| #define _HPUX_ALT_XOPEN_SOCKET_API 1
| #define _NETBSD_SOURCE 1
| #define _OPENBSD_SOURCE 1
| #define _POSIX_PTHREAD_SEMANTICS 1
| #define __STDC_WANT_IEC_60559_ATTRIBS_EXT__ 1
| #define __STDC_WANT_IEC_60559_BFP_EXT__ 1
| #define __STDC_WANT_IEC_60559_DFP_EXT__ 1
| #define __STDC_WANT_IEC_60559_EXT__ 1
| #define __STDC_WANT_IEC_60559_FUNCS_EXT__ 1
| #define __STDC_WANT_IEC_60559_TYPES_EXT__ 1
| #define __STDC_WANT_LIB_EXT2__ 1
| #define __STDC_WANT_MATH_SPEC_FUNCS__ 1
| #define _TANDEM_SOURCE 1
| #define __EXTENSIONS__ 1
| #define HAVE_PTHREAD_PRIO_INHERIT 1
| #define HAVE_PTHREAD 1
| #define HAVE_DLFCN_H 1
| #define LT_OBJDIR ".libs/"
| /* end confdefs.h.  */
| #include <stddef.h>
| #ifdef HAVE_STDIO_H
| # include <stdio.h>
| #endif
| #ifdef HAVE_STDLIB_H
| # include <stdlib.h>
| #endif
| #ifdef HAVE_STRING_H
| # include <string.h>
| #endif
| #ifdef HAVE_INTTYPES_H
| # include <inttypes.h>
| #endif
| #ifdef HAVE_STDINT_H
| # include <stdint.h>
| #endif
| #ifdef HAVE_STRINGS_H
| # include <strings.h>
| #endif
| #ifdef HAVE_SYS_TYPES_H
| # include <sys/types.h>
| #endif
| #ifdef HAVE_SYS_STAT_H
| # include <sys/stat.h>
| #endif
| #ifdef HAVE_UNISTD_H
| # include <unistd.h>
| #endif
| int
| main (void)
| {
| if (sizeof ((size_t)))
| 	    return 0;
|   ;
|   return 0;
| }
configure:19355: result: yes
configure:19366: checking for ssize_t
configure:19366: gcc -c  -D_THREAD_SAFE -pthread  conftest.c >&5
configure:19366: $? = 0
configure:19366: gcc -c  -D_THREAD_SAFE -pthread  conftest.c >&5
conftest.c:75:22: error: expected expression
if (sizeof ((ssize_t)))
                     ^
1 error generated.
configure:19366: $? = 1
configure: failed program was:
| /* confdefs.h */
| #define PACKAGE_NAME "libfyaml"
| #define PACKAGE_TARNAME "libfyaml"
| #define PACKAGE_VERSION "0.9"
| #define PACKAGE_STRING "libfyaml 0.9"
| #define PACKAGE_BUGREPORT "pantelis.antoniou@konsulko.com"
| #define PACKAGE_URL ""
| #define PACKAGE "libfyaml"
| #define VERSION "0.9"
| #define NDEBUG 1
| #define HAVE_STDIO_H 1
| #define HAVE_STDLIB_H 1
| #define HAVE_STRING_H 1
| #define HAVE_INTTYPES_H 1
| #define HAVE_STDINT_H 1
| #define HAVE_STRINGS_H 1
| #define HAVE_SYS_STAT_H 1
| #define HAVE_SYS_TYPES_H 1
| #define HAVE_UNISTD_H 1
| #define HAVE_WCHAR_H 1
| #define STDC_HEADERS 1
| #define _ALL_SOURCE 1
| #define _DARWIN_C_SOURCE 1
| #define _GNU_SOURCE 1
| #define _HPUX_ALT_XOPEN_SOCKET_API 1
| #define _NETBSD_SOURCE 1
| #define _OPENBSD_SOURCE 1
| #define _POSIX_PTHREAD_SEMANTICS 1
| #define __STDC_WANT_IEC_60559_ATTRIBS_EXT__ 1
| #define __STDC_WANT_IEC_60559_BFP_EXT__ 1
| #define __STDC_WANT_IEC_60559_DFP_EXT__ 1
| #define __STDC_WANT_IEC_60559_EXT__ 1
| #define __STDC_WANT_IEC_60559_FUNCS_EXT__ 1
| #define __STDC_WANT_IEC_60559_TYPES_EXT__ 1
| #define __STDC_WANT_LIB_EXT2__ 1
| #define __STDC_WANT_MATH_SPEC_FUNCS__ 1
| #define _TANDEM_SOURCE 1
| #define __EXTENSIONS__ 1
| #define HAVE_PTHREAD_PRIO_INHERIT 1
| #define HAVE_PTHREAD 1
| #define HAVE_DLFCN_H 1
| #define LT_OBJDIR ".libs/"
| /* end confdefs.h.  */
| #include <stddef.h>
| #ifdef HAVE_STDIO_H
| # include <stdio.h>
| #endif
| #ifdef HAVE_STDLIB_H
| # include <stdlib.h>
| #endif
| #ifdef HAVE_STRING_H
| # include <string.h>
| #endif
| #ifdef HAVE_INTTYPES_H
| # include <inttypes.h>
| #endif
| #ifdef HAVE_STDINT_H
| # include <stdint.h>
| #endif
| #ifdef HAVE_STRINGS_H
| # include <strings.h>
| #endif
| #ifdef HAVE_SYS_TYPES_H
| # include <sys/types.h>
| #endif
| #ifdef HAVE_SYS_STAT_H
| # include <sys/stat.h>
| #endif
| #ifdef HAVE_UNISTD_H
| # include <unistd.h>
| #endif
| int
| main (void)
| {
| if (sizeof ((ssize_t)))
| 	    return 0;
|   ;
|   return 0;
| }
configure:19366: result: yes
configure:19380: checking for off_t
configure:19380: gcc -c  -D_THREAD_SAFE -pthread  conftest.c >&5
configure:19380: $? = 0
configure:19380: gcc -c  -D_THREAD_SAFE -pthread  conftest.c >&5
conftest.c:76:20: error: expected expression
if (sizeof ((off_t)))
                   ^
1 error generated.
configure:19380: $? = 1
configure: failed program was:
| /* confdefs.h */
| #define PACKAGE_NAME "libfyaml"
| #define PACKAGE_TARNAME "libfyaml"
| #define PACKAGE_VERSION "0.9"
| #define PACKAGE_STRING "libfyaml 0.9"
| #define PACKAGE_BUGREPORT "pantelis.antoniou@konsulko.com"
| #define PACKAGE_URL ""
| #define PACKAGE "libfyaml"
| #define VERSION "0.9"
| #define NDEBUG 1
| #define HAVE_STDIO_H 1
| #define HAVE_STDLIB_H 1
| #define HAVE_STRING_H 1
| #define HAVE_INTTYPES_H 1
| #define HAVE_STDINT_H 1
| #define HAVE_STRINGS_H 1
| #define HAVE_SYS_STAT_H 1
| #define HAVE_SYS_TYPES_H 1
| #define HAVE_UNISTD_H 1
| #define HAVE_WCHAR_H 1
| #define STDC_HEADERS 1
| #define _ALL_SOURCE 1
| #define _DARWIN_C_SOURCE 1
| #define _GNU_SOURCE 1
| #define _HPUX_ALT_XOPEN_SOCKET_API 1
| #define _NETBSD_SOURCE 1
| #define _OPENBSD_SOURCE 1
| #define _POSIX_PTHREAD_SEMANTICS 1
| #define __STDC_WANT_IEC_60559_ATTRIBS_EXT__ 1
| #define __STDC_WANT_IEC_60559_BFP_EXT__ 1
| #define __STDC_WANT_IEC_60559_DFP_EXT__ 1
| #define __STDC_WANT_IEC_60559_EXT__ 1
| #define __STDC_WANT_IEC_60559_FUNCS_EXT__ 1
| #define __STDC_WANT_IEC_60559_TYPES_EXT__ 1
| #define __STDC_WANT_LIB_EXT2__ 1
| #define __STDC_WANT_MATH_SPEC_FUNCS__ 1
| #define _TANDEM_SOURCE 1
| #define __EXTENSIONS__ 1
| #define HAVE_PTHREAD_PRIO_INHERIT 1
| #define HAVE_PTHREAD 1
| #define HAVE_DLFCN_H 1
| #define LT_OBJDIR ".libs/"
| #define HAVE_SSIZE_T 1
| /* end confdefs.h.  */
| #include <stddef.h>
| #ifdef HAVE_STDIO_H
| # include <stdio.h>
| #endif
| #ifdef HAVE_STDLIB_H
| # include <stdlib.h>
| #endif
| #ifdef HAVE_STRING_H
| # include <string.h>
| #endif
| #ifdef HAVE_INTTYPES_H
| # include <inttypes.h>
| #endif
| #ifdef HAVE_STDINT_H
| # include <stdint.h>
| #endif
| #ifdef HAVE_STRINGS_H
| # include <strings.h>
| #endif
| #ifdef HAVE_SYS_TYPES_H
| # include <sys/types.h>
| #endif
| #ifdef HAVE_SYS_STAT_H
| # include <sys/stat.h>
| #endif
| #ifdef HAVE_UNISTD_H
| # include <unistd.h>
| #endif
| int
| main (void)
| {
| if (sizeof ((off_t)))
| 	    return 0;
|   ;
|   return 0;
| }
configure:19380: result: yes
configure:19391: checking for uid_t
configure:19391: gcc -c  -D_THREAD_SAFE -pthread  conftest.c >&5
configure:19391: $? = 0
configure:19391: gcc -c  -D_THREAD_SAFE -pthread  conftest.c >&5
conftest.c:76:20: error: expected expression
if (sizeof ((uid_t)))
                   ^
1 error generated.
configure:19391: $? = 1
configure: failed program was:
| /* confdefs.h */
| #define PACKAGE_NAME "libfyaml"
| #define PACKAGE_TARNAME "libfyaml"
| #define PACKAGE_VERSION "0.9"
| #define PACKAGE_STRING "libfyaml 0.9"
| #define PACKAGE_BUGREPORT "pantelis.antoniou@konsulko.com"
| #define PACKAGE_URL ""
| #define PACKAGE "libfyaml"
| #define VERSION "0.9"
| #define NDEBUG 1
| #define HAVE_STDIO_H 1
| #define HAVE_STDLIB_H 1
| #define HAVE_STRING_H 1
| #define HAVE_INTTYPES_H 1
| #define HAVE_STDINT_H 1
| #define HAVE_STRINGS_H 1
| #define HAVE_SYS_STAT_H 1
| #define HAVE_SYS_TYPES_H 1
| #define HAVE_UNISTD_H 1
| #define HAVE_WCHAR_H 1
| #define STDC_HEADERS 1
| #define _ALL_SOURCE 1
| #define _DARWIN_C_SOURCE 1
| #define _GNU_SOURCE 1
| #define _HPUX_ALT_XOPEN_SOCKET_API 1
| #define _NETBSD_SOURCE 1
| #define _OPENBSD_SOURCE 1
| #define _POSIX_PTHREAD_SEMANTICS 1
| #define __STDC_WANT_IEC_60559_ATTRIBS_EXT__ 1
| #define __STDC_WANT_IEC_60559_BFP_EXT__ 1
| #define __STDC_WANT_IEC_60559_DFP_EXT__ 1
| #define __STDC_WANT_IEC_60559_EXT__ 1
| #define __STDC_WANT_IEC_60559_FUNCS_EXT__ 1
| #define __STDC_WANT_IEC_60559_TYPES_EXT__ 1
| #define __STDC_WANT_LIB_EXT2__ 1
| #define __STDC_WANT_MATH_SPEC_FUNCS__ 1
| #define _TANDEM_SOURCE 1
| #define __EXTENSIONS__ 1
| #define HAVE_PTHREAD_PRIO_INHERIT 1
| #define HAVE_PTHREAD 1
| #define HAVE_DLFCN_H 1
| #define LT_OBJDIR ".libs/"
| #define HAVE_SSIZE_T 1
| /* end confdefs.h.  */
| #include <stddef.h>
| #ifdef HAVE_STDIO_H
| # include <stdio.h>
| #endif
| #ifdef HAVE_STDLIB_H
| # include <stdlib.h>
| #endif
| #ifdef HAVE_STRING_H
| # include <string.h>
| #endif
| #ifdef HAVE_INTTYPES_H
| # include <inttypes.h>
| #endif
| #ifdef HAVE_STDINT_H
| # include <stdint.h>
| #endif
| #ifdef HAVE_STRINGS_H
| # include <strings.h>
| #endif
| #ifdef HAVE_SYS_TYPES_H
| # include <sys/types.h>
| #endif
| #ifdef HAVE_SYS_STAT_H
| # include <sys/stat.h>
| #endif
| #ifdef HAVE_UNISTD_H
| # include <unistd.h>
| #endif
| int
| main (void)
| {
| if (sizeof ((uid_t)))
| 	    return 0;
|   ;
|   return 0;
| }
configure:19391: result: yes
configure:19402: checking for gid_t
configure:19402: gcc -c  -D_THREAD_SAFE -pthread  conftest.c >&5
configure:19402: $? = 0
configure:19402: gcc -c  -D_THREAD_SAFE -pthread  conftest.c >&5
conftest.c:76:20: error: expected expression
if (sizeof ((gid_t)))
                   ^
1 error generated.
configure:19402: $? = 1
configure: failed program was:
| /* confdefs.h */
| #define PACKAGE_NAME "libfyaml"
| #define PACKAGE_TARNAME "libfyaml"
| #define PACKAGE_VERSION "0.9"
| #define PACKAGE_STRING "libfyaml 0.9"
| #define PACKAGE_BUGREPORT "pantelis.antoniou@konsulko.com"
| #define PACKAGE_URL ""
| #define PACKAGE "libfyaml"
| #define VERSION "0.9"
| #define NDEBUG 1
| #define HAVE_STDIO_H 1
| #define HAVE_STDLIB_H 1
| #define HAVE_STRING_H 1
| #define HAVE_INTTYPES_H 1
| #define HAVE_STDINT_H 1
| #define HAVE_STRINGS_H 1
| #define HAVE_SYS_STAT_H 1
| #define HAVE_SYS_TYPES_H 1
| #define HAVE_UNISTD_H 1
| #define HAVE_WCHAR_H 1
| #define STDC_HEADERS 1
| #define _ALL_SOURCE 1
| #define _DARWIN_C_SOURCE 1
| #define _GNU_SOURCE 1
| #define _HPUX_ALT_XOPEN_SOCKET_API 1
| #define _NETBSD_SOURCE 1
| #define _OPENBSD_SOURCE 1
| #define _POSIX_PTHREAD_SEMANTICS 1
| #define __STDC_WANT_IEC_60559_ATTRIBS_EXT__ 1
| #define __STDC_WANT_IEC_60559_BFP_EXT__ 1
| #define __STDC_WANT_IEC_60559_DFP_EXT__ 1
| #define __STDC_WANT_IEC_60559_EXT__ 1
| #define __STDC_WANT_IEC_60559_FUNCS_EXT__ 1
| #define __STDC_WANT_IEC_60559_TYPES_EXT__ 1
| #define __STDC_WANT_LIB_EXT2__ 1
| #define __STDC_WANT_MATH_SPEC_FUNCS__ 1
| #define _TANDEM_SOURCE 1
| #define __EXTENSIONS__ 1
| #define HAVE_PTHREAD_PRIO_INHERIT 1
| #define HAVE_PTHREAD 1
| #define HAVE_DLFCN_H 1
| #define LT_OBJDIR ".libs/"
| #define HAVE_SSIZE_T 1
| /* end confdefs.h.  */
| #include <stddef.h>
| #ifdef HAVE_STDIO_H
| # include <stdio.h>
| #endif
| #ifdef HAVE_STDLIB_H
| # include <stdlib.h>
| #endif
| #ifdef HAVE_STRING_H
| # include <string.h>
| #endif
| #ifdef HAVE_INTTYPES_H
| # include <inttypes.h>
| #endif
| #ifdef HAVE_STDINT_H
| # include <stdint.h>
| #endif
| #ifdef HAVE_STRINGS_H
| # include <strings.h>
| #endif
| #ifdef HAVE_SYS_TYPES_H
| # include <sys/types.h>
| #endif
| #ifdef HAVE_SYS_STAT_H
| # include <sys/stat.h>
| #endif
| #ifdef HAVE_UNISTD_H
| # include <unistd.h>
| #endif
| int
| main (void)
| {
| if (sizeof ((gid_t)))
| 	    return 0;
|   ;
|   return 0;
| }
configure:19402: result: yes
configure:19413: checking for gcc options needed to detect all undeclared functions
configure:19435: gcc -c  -D_THREAD_SAFE -pthread   conftest.c >&5
conftest.c:49:8: error: call to undeclared library function 'strchr' with type 'char *(const char *, int)'; ISO C99 and later do not support implicit function declarations [-Wimplicit-function-declaration]
(void) strchr;
       ^
conftest.c:49:8: note: include the header <string.h> or explicitly provide a declaration for 'strchr'
1 error generated.
configure:19435: $? = 1
configure: failed program was:
| /* confdefs.h */
| #define PACKAGE_NAME "libfyaml"
| #define PACKAGE_TARNAME "libfyaml"
| #define PACKAGE_VERSION "0.9"
| #define PACKAGE_STRING "libfyaml 0.9"
| #define PACKAGE_BUGREPORT "pantelis.antoniou@konsulko.com"
| #define PACKAGE_URL ""
| #define PACKAGE "libfyaml"
| #define VERSION "0.9"
| #define NDEBUG 1
| #define HAVE_STDIO_H 1
| #define HAVE_STDLIB_H 1
| #define HAVE_STRING_H 1
| #define HAVE_INTTYPES_H 1
| #define HAVE_STDINT_H 1
| #define HAVE_STRINGS_H 1
| #define HAVE_SYS_STAT_H 1
| #define HAVE_SYS_TYPES_H 1
| #define HAVE_UNISTD_H 1
| #define HAVE_WCHAR_H 1
| #define STDC_HEADERS 1
| #define _ALL_SOURCE 1
| #define _DARWIN_C_SOURCE 1
| #define _GNU_SOURCE 1
| #define _HPUX_ALT_XOPEN_SOCKET_API 1
| #define _NETBSD_SOURCE 1
| #define _OPENBSD_SOURCE 1
| #define _POSIX_PTHREAD_SEMANTICS 1
| #define __STDC_WANT_IEC_60559_ATTRIBS_EXT__ 1
| #define __STDC_WANT_IEC_60559_BFP_EXT__ 1
| #define __STDC_WANT_IEC_60559_DFP_EXT__ 1
| #define __STDC_WANT_IEC_60559_EXT__ 1
| #define __STDC_WANT_IEC_60559_FUNCS_EXT__ 1
| #define __STDC_WANT_IEC_60559_TYPES_EXT__ 1
| #define __STDC_WANT_LIB_EXT2__ 1
| #define __STDC_WANT_MATH_SPEC_FUNCS__ 1
| #define _TANDEM_SOURCE 1
| #define __EXTENSIONS__ 1
| #define HAVE_PTHREAD_PRIO_INHERIT 1
| #define HAVE_PTHREAD 1
| #define HAVE_DLFCN_H 1
| #define LT_OBJDIR ".libs/"
| #define HAVE_SSIZE_T 1
| /* end confdefs.h.  */
| 
| int
| main (void)
| {
| (void) strchr;
|   ;
|   return 0;
| }
configure:19462: gcc -c  -D_THREAD_SAFE -pthread   conftest.c >&5
configure:19462: $? = 0
configure:19482: result: none needed
configure:19496: checking whether environ is declared
configure:19496: gcc -c  -D_THREAD_SAFE -pthread   conftest.c >&5
conftest.c:80:10: error: use of undeclared identifier 'environ'; did you mean 'union'?
  (void) environ;
         ^~~~~~~
         union
conftest.c:80:10: error: expected expression
2 errors generated.
configure:19496: $? = 1
configure: failed program was:
| /* confdefs.h */
| #define PACKAGE_NAME "libfyaml"
| #define PACKAGE_TARNAME "libfyaml"
| #define PACKAGE_VERSION "0.9"
| #define PACKAGE_STRING "libfyaml 0.9"
| #define PACKAGE_BUGREPORT "pantelis.antoniou@konsulko.com"
| #define PACKAGE_URL ""
| #define PACKAGE "libfyaml"
| #define VERSION "0.9"
| #define NDEBUG 1
| #define HAVE_STDIO_H 1
| #define HAVE_STDLIB_H 1
| #define HAVE_STRING_H 1
| #define HAVE_INTTYPES_H 1
| #define HAVE_STDINT_H 1
| #define HAVE_STRINGS_H 1
| #define HAVE_SYS_STAT_H 1
| #define HAVE_SYS_TYPES_H 1
| #define HAVE_UNISTD_H 1
| #define HAVE_WCHAR_H 1
| #define STDC_HEADERS 1
| #define _ALL_SOURCE 1
| #define _DARWIN_C_SOURCE 1
| #define _GNU_SOURCE 1
| #define _HPUX_ALT_XOPEN_SOCKET_API 1
| #define _NETBSD_SOURCE 1
| #define _OPENBSD_SOURCE 1
| #define _POSIX_PTHREAD_SEMANTICS 1
| #define __STDC_WANT_IEC_60559_ATTRIBS_EXT__ 1
| #define __STDC_WANT_IEC_60559_BFP_EXT__ 1
| #define __STDC_WANT_IEC_60559_DFP_EXT__ 1
| #define __STDC_WANT_IEC_60559_EXT__ 1
| #define __STDC_WANT_IEC_60559_FUNCS_EXT__ 1
| #define __STDC_WANT_IEC_60559_TYPES_EXT__ 1
| #define __STDC_WANT_LIB_EXT2__ 1
| #define __STDC_WANT_MATH_SPEC_FUNCS__ 1
| #define _TANDEM_SOURCE 1
| #define __EXTENSIONS__ 1
| #define HAVE_PTHREAD_PRIO_INHERIT 1
| #define HAVE_PTHREAD 1
| #define HAVE_DLFCN_H 1
| #define LT_OBJDIR ".libs/"
| #define HAVE_SSIZE_T 1
| /* end confdefs.h.  */
| #include <stddef.h>
| #ifdef HAVE_STDIO_H
| # include <stdio.h>
| #endif
| #ifdef HAVE_STDLIB_H
| # include <stdlib.h>
| #endif
| #ifdef HAVE_STRING_H
| # include <string.h>
| #endif
| #ifdef HAVE_INTTYPES_H
| # include <inttypes.h>
| #endif
| #ifdef HAVE_STDINT_H
| # include <stdint.h>
| #endif
| #ifdef HAVE_STRINGS_H
| # include <strings.h>
| #endif
| #ifdef HAVE_SYS_TYPES_H
| # include <sys/types.h>
| #endif
| #ifdef HAVE_SYS_STAT_H
| # include <sys/stat.h>
| #endif
| #ifdef HAVE_UNISTD_H
| # include <unistd.h>
| #endif
| int
| main (void)
| {
| #ifndef environ
| #ifdef __cplusplus
|   (void) environ;
| #else
|   (void) environ;
| #endif
| #endif
| 
|   ;
|   return 0;
| }
configure:19496: result: no
configure:19507: checking for byteswap.h
configure:19507: gcc -c  -D_THREAD_SAFE -pthread  conftest.c >&5
conftest.c:74:10: fatal error: 'byteswap.h' file not found
#include <byteswap.h>
         ^~~~~~~~~~~~
1 error generated.
configure:19507: $? = 1
configure: failed program was:
| /* confdefs.h */
| #define PACKAGE_NAME "libfyaml"
| #define PACKAGE_TARNAME "libfyaml"
| #define PACKAGE_VERSION "0.9"
| #define PACKAGE_STRING "libfyaml 0.9"
| #define PACKAGE_BUGREPORT "pantelis.antoniou@konsulko.com"
| #define PACKAGE_URL ""
| #define PACKAGE "libfyaml"
| #define VERSION "0.9"
| #define NDEBUG 1
| #define HAVE_STDIO_H 1
| #define HAVE_STDLIB_H 1
| #define HAVE_STRING_H 1
| #define HAVE_INTTYPES_H 1
| #define HAVE_STDINT_H 1
| #define HAVE_STRINGS_H 1
| #define HAVE_SYS_STAT_H 1
| #define HAVE_SYS_TYPES_H 1
| #define HAVE_UNISTD_H 1
| #define HAVE_WCHAR_H 1
| #define STDC_HEADERS 1
| #define _ALL_SOURCE 1
| #define _DARWIN_C_SOURCE 1
| #define _GNU_SOURCE 1
| #define _HPUX_ALT_XOPEN_SOCKET_API 1
| #define _NETBSD_SOURCE 1
| #define _OPENBSD_SOURCE 1
| #define _POSIX_PTHREAD_SEMANTICS 1
| #define __STDC_WANT_IEC_60559_ATTRIBS_EXT__ 1
| #define __STDC_WANT_IEC_60559_BFP_EXT__ 1
| #define __STDC_WANT_IEC_60559_DFP_EXT__ 1
| #define __STDC_WANT_IEC_60559_EXT__ 1
| #define __STDC_WANT_IEC_60559_FUNCS_EXT__ 1
| #define __STDC_WANT_IEC_60559_TYPES_EXT__ 1
| #define __STDC_WANT_LIB_EXT2__ 1
| #define __STDC_WANT_MATH_SPEC_FUNCS__ 1
| #define _TANDEM_SOURCE 1
| #define __EXTENSIONS__ 1
| #define HAVE_PTHREAD_PRIO_INHERIT 1
| #define HAVE_PTHREAD 1
| #define HAVE_DLFCN_H 1
| #define LT_OBJDIR ".libs/"
| #define HAVE_SSIZE_T 1
| #define HAVE_DECL_ENVIRON 0
| /* end confdefs.h.  */
| #include <stddef.h>
| #ifdef HAVE_STDIO_H
| # include <stdio.h>
| #endif
| #ifdef HAVE_STDLIB_H
| # include <stdlib.h>
| #endif
| #ifdef HAVE_STRING_H
| # include <string.h>
| #endif
| #ifdef HAVE_INTTYPES_H
| # include <inttypes.h>
| #endif
| #ifdef HAVE_STDINT_H
| # include <stdint.h>
| #endif
| #ifdef HAVE_STRINGS_H
| # include <strings.h>
| #endif
| #ifdef HAVE_SYS_TYPES_H
| # include <sys/types.h>
| #endif
| #ifdef HAVE_SYS_STAT_H
| # include <sys/stat.h>
| #endif
| #ifdef HAVE_UNISTD_H
| # include <unistd.h>
| #endif
| #include <byteswap.h>
configure:19507: result: no
configure:19514: checking for __builtin_bswap16
configure:19514: gcc -o conftest  -D_THREAD_SAFE -pthread   conftest.c  -lpthread >&5
conftest.c:62:6: error: conflicting types for '__builtin_bswap16'
char __builtin_bswap16 (void);
     ^
conftest.c:62:6: note: '__builtin_bswap16' is a builtin with type 'unsigned short (unsigned short)'
conftest.c:73:27: error: too few arguments to function call, expected 1, have 0
return __builtin_bswap16 ();
       ~~~~~~~~~~~~~~~~~  ^
2 errors generated.
configure:19514: $? = 1
configure: failed program was:
| /* confdefs.h */
| #define PACKAGE_NAME "libfyaml"
| #define PACKAGE_TARNAME "libfyaml"
| #define PACKAGE_VERSION "0.9"
| #define PACKAGE_STRING "libfyaml 0.9"
| #define PACKAGE_BUGREPORT "pantelis.antoniou@konsulko.com"
| #define PACKAGE_URL ""
| #define PACKAGE "libfyaml"
| #define VERSION "0.9"
| #define NDEBUG 1
| #define HAVE_STDIO_H 1
| #define HAVE_STDLIB_H 1
| #define HAVE_STRING_H 1
| #define HAVE_INTTYPES_H 1
| #define HAVE_STDINT_H 1
| #define HAVE_STRINGS_H 1
| #define HAVE_SYS_STAT_H 1
| #define HAVE_SYS_TYPES_H 1
| #define HAVE_UNISTD_H 1
| #define HAVE_WCHAR_H 1
| #define STDC_HEADERS 1
| #define _ALL_SOURCE 1
| #define _DARWIN_C_SOURCE 1
| #define _GNU_SOURCE 1
| #define _HPUX_ALT_XOPEN_SOCKET_API 1
| #define _NETBSD_SOURCE 1
| #define _OPENBSD_SOURCE 1
| #define _POSIX_PTHREAD_SEMANTICS 1
| #define __STDC_WANT_IEC_60559_ATTRIBS_EXT__ 1
| #define __STDC_WANT_IEC_60559_BFP_EXT__ 1
| #define __STDC_WANT_IEC_60559_DFP_EXT__ 1
| #define __STDC_WANT_IEC_60559_EXT__ 1
| #define __STDC_WANT_IEC_60559_FUNCS_EXT__ 1
| #define __STDC_WANT_IEC_60559_TYPES_EXT__ 1
| #define __STDC_WANT_LIB_EXT2__ 1
| #define __STDC_WANT_MATH_SPEC_FUNCS__ 1
| #define _TANDEM_SOURCE 1
| #define __EXTENSIONS__ 1
| #define HAVE_PTHREAD_PRIO_INHERIT 1
| #define HAVE_PTHREAD 1
| #define HAVE_DLFCN_H 1
| #define LT_OBJDIR ".libs/"
| #define HAVE_SSIZE_T 1
| #define HAVE_DECL_ENVIRON 0
| /* end confdefs.h.  */
| /* Define __builtin_bswap16 to an innocuous variant, in case <limits.h> declares __builtin_bswap16.
|    For example, HP-UX 11i <limits.h> declares gettimeofday.  */
| #define __builtin_bswap16 innocuous___builtin_bswap16
| 
| /* System header to define __stub macros and hopefully few prototypes,
|    which can conflict with char __builtin_bswap16 (void); below.  */
| 
| #include <limits.h>
| #undef __builtin_bswap16
| 
| /* Override any GCC internal prototype to avoid an error.
|    Use char because int might match the return type of a GCC
|    builtin and then its argument prototype would still apply.  */
| #ifdef __cplusplus
| extern "C"
| #endif
| char __builtin_bswap16 (void);
| /* The GNU C library defines this for functions which it implements
|     to always fail with ENOSYS.  Some functions are actually named
|     something starting with __ and the normal name is an alias.  */
| #if defined __stub___builtin_bswap16 || defined __stub_____builtin_bswap16
| choke me
| #endif
| 
| int
| main (void)
| {
| return __builtin_bswap16 ();
|   ;
|   return 0;
| }
configure:19514: result: no
configure:19520: checking for __builtin_bswap32
configure:19520: gcc -o conftest  -D_THREAD_SAFE -pthread   conftest.c  -lpthread >&5
conftest.c:62:6: error: conflicting types for '__builtin_bswap32'
char __builtin_bswap32 (void);
     ^
conftest.c:62:6: note: '__builtin_bswap32' is a builtin with type 'unsigned int (unsigned int)'
conftest.c:73:27: error: too few arguments to function call, expected 1, have 0
return __builtin_bswap32 ();
       ~~~~~~~~~~~~~~~~~  ^
2 errors generated.
configure:19520: $? = 1
configure: failed program was:
| /* confdefs.h */
| #define PACKAGE_NAME "libfyaml"
| #define PACKAGE_TARNAME "libfyaml"
| #define PACKAGE_VERSION "0.9"
| #define PACKAGE_STRING "libfyaml 0.9"
| #define PACKAGE_BUGREPORT "pantelis.antoniou@konsulko.com"
| #define PACKAGE_URL ""
| #define PACKAGE "libfyaml"
| #define VERSION "0.9"
| #define NDEBUG 1
| #define HAVE_STDIO_H 1
| #define HAVE_STDLIB_H 1
| #define HAVE_STRING_H 1
| #define HAVE_INTTYPES_H 1
| #define HAVE_STDINT_H 1
| #define HAVE_STRINGS_H 1
| #define HAVE_SYS_STAT_H 1
| #define HAVE_SYS_TYPES_H 1
| #define HAVE_UNISTD_H 1
| #define HAVE_WCHAR_H 1
| #define STDC_HEADERS 1
| #define _ALL_SOURCE 1
| #define _DARWIN_C_SOURCE 1
| #define _GNU_SOURCE 1
| #define _HPUX_ALT_XOPEN_SOCKET_API 1
| #define _NETBSD_SOURCE 1
| #define _OPENBSD_SOURCE 1
| #define _POSIX_PTHREAD_SEMANTICS 1
| #define __STDC_WANT_IEC_60559_ATTRIBS_EXT__ 1
| #define __STDC_WANT_IEC_60559_BFP_EXT__ 1
| #define __STDC_WANT_IEC_60559_DFP_EXT__ 1
| #define __STDC_WANT_IEC_60559_EXT__ 1
| #define __STDC_WANT_IEC_60559_FUNCS_EXT__ 1
| #define __STDC_WANT_IEC_60559_TYPES_EXT__ 1
| #define __STDC_WANT_LIB_EXT2__ 1
| #define __STDC_WANT_MATH_SPEC_FUNCS__ 1
| #define _TANDEM_SOURCE 1
| #define __EXTENSIONS__ 1
| #define HAVE_PTHREAD_PRIO_INHERIT 1
| #define HAVE_PTHREAD 1
| #define HAVE_DLFCN_H 1
| #define LT_OBJDIR ".libs/"
| #define HAVE_SSIZE_T 1
| #define HAVE_DECL_ENVIRON 0
| /* end confdefs.h.  */
| /* Define __builtin_bswap32 to an innocuous variant, in case <limits.h> declares __builtin_bswap32.
|    For example, HP-UX 11i <limits.h> declares gettimeofday.  */
| #define __builtin_bswap32 innocuous___builtin_bswap32
| 
| /* System header to define __stub macros and hopefully few prototypes,
|    which can conflict with char __builtin_bswap32 (void); below.  */
| 
| #include <limits.h>
| #undef __builtin_bswap32
| 
| /* Override any GCC internal prototype to avoid an error.
|    Use char because int might match the return type of a GCC
|    builtin and then its argument prototype would still apply.  */
| #ifdef __cplusplus
| extern "C"
| #endif
| char __builtin_bswap32 (void);
| /* The GNU C library defines this for functions which it implements
|     to always fail with ENOSYS.  Some functions are actually named
|     something starting with __ and the normal name is an alias.  */
| #if defined __stub___builtin_bswap32 || defined __stub_____builtin_bswap32
| choke me
| #endif
| 
| int
| main (void)
| {
| return __builtin_bswap32 ();
|   ;
|   return 0;
| }
configure:19520: result: no
configure:19526: checking for __builtin_bswap64
configure:19526: gcc -o conftest  -D_THREAD_SAFE -pthread   conftest.c  -lpthread >&5
conftest.c:62:6: error: conflicting types for '__builtin_bswap64'
char __builtin_bswap64 (void);
     ^
conftest.c:62:6: note: '__builtin_bswap64' is a builtin with type 'unsigned long long (unsigned long long)'
conftest.c:73:27: error: too few arguments to function call, expected 1, have 0
return __builtin_bswap64 ();
       ~~~~~~~~~~~~~~~~~  ^
2 errors generated.
configure:19526: $? = 1
configure: failed program was:
| /* confdefs.h */
| #define PACKAGE_NAME "libfyaml"
| #define PACKAGE_TARNAME "libfyaml"
| #define PACKAGE_VERSION "0.9"
| #define PACKAGE_STRING "libfyaml 0.9"
| #define PACKAGE_BUGREPORT "pantelis.antoniou@konsulko.com"
| #define PACKAGE_URL ""
| #define PACKAGE "libfyaml"
| #define VERSION "0.9"
| #define NDEBUG 1
| #define HAVE_STDIO_H 1
| #define HAVE_STDLIB_H 1
| #define HAVE_STRING_H 1
| #define HAVE_INTTYPES_H 1
| #define HAVE_STDINT_H 1
| #define HAVE_STRINGS_H 1
| #define HAVE_SYS_STAT_H 1
| #define HAVE_SYS_TYPES_H 1
| #define HAVE_UNISTD_H 1
| #define HAVE_WCHAR_H 1
| #define STDC_HEADERS 1
| #define _ALL_SOURCE 1
| #define _DARWIN_C_SOURCE 1
| #define _GNU_SOURCE 1
| #define _HPUX_ALT_XOPEN_SOCKET_API 1
| #define _NETBSD_SOURCE 1
| #define _OPENBSD_SOURCE 1
| #define _POSIX_PTHREAD_SEMANTICS 1
| #define __STDC_WANT_IEC_60559_ATTRIBS_EXT__ 1
| #define __STDC_WANT_IEC_60559_BFP_EXT__ 1
| #define __STDC_WANT_IEC_60559_DFP_EXT__ 1
| #define __STDC_WANT_IEC_60559_EXT__ 1
| #define __STDC_WANT_IEC_60559_FUNCS_EXT__ 1
| #define __STDC_WANT_IEC_60559_TYPES_EXT__ 1
| #define __STDC_WANT_LIB_EXT2__ 1
| #define __STDC_WANT_MATH_SPEC_FUNCS__ 1
| #define _TANDEM_SOURCE 1
| #define __EXTENSIONS__ 1
| #define HAVE_PTHREAD_PRIO_INHERIT 1
| #define HAVE_PTHREAD 1
| #define HAVE_DLFCN_H 1
| #define LT_OBJDIR ".libs/"
| #define HAVE_SSIZE_T 1
| #define HAVE_DECL_ENVIRON 0
| /* end confdefs.h.  */
| /* Define __builtin_bswap64 to an innocuous variant, in case <limits.h> declares __builtin_bswap64.
|    For example, HP-UX 11i <limits.h> declares gettimeofday.  */
| #define __builtin_bswap64 innocuous___builtin_bswap64
| 
| /* System header to define __stub macros and hopefully few prototypes,
|    which can conflict with char __builtin_bswap64 (void); below.  */
| 
| #include <limits.h>
| #undef __builtin_bswap64
| 
| /* Override any GCC internal prototype to avoid an error.
|    Use char because int might match the return type of a GCC
|    builtin and then its argument prototype would still apply.  */
| #ifdef __cplusplus
| extern "C"
| #endif
| char __builtin_bswap64 (void);
| /* The GNU C library defines this for functions which it implements
|     to always fail with ENOSYS.  Some functions are actually named
|     something starting with __ and the normal name is an alias.  */
| #if defined __stub___builtin_bswap64 || defined __stub_____builtin_bswap64
| choke me
| #endif
| 
| int
| main (void)
| {
| return __builtin_bswap64 ();
|   ;
|   return 0;
| }
configure:19526: result: no
configure:19536: checking whether C compiler accepts -Wall
configure:19556: gcc -c  -D_THREAD_SAFE -pthread -pedantic -Werror -Wall  conftest.c >&5
configure:19556: $? = 0
configure:19568: result: yes
configure:19583: : CFLAGS="$CFLAGS $flag"
configure:19586: $? = 0
configure:19536: checking whether C compiler accepts -Wsign-compare
configure:19556: gcc -c  -D_THREAD_SAFE -pthread -Wall -pedantic -Werror -Wsign-compare  conftest.c >&5
configure:19556: $? = 0
configure:19568: result: yes
configure:19583: : CFLAGS="$CFLAGS $flag"
configure:19586: $? = 0
configure:19536: checking whether C compiler accepts -Wno-stringop-overflow
configure:19556: gcc -c  -D_THREAD_SAFE -pthread -Wall -Wsign-compare -pedantic -Werror -Wno-stringop-overflow  conftest.c >&5
error: unknown warning option '-Wno-stringop-overflow'; did you mean '-Wno-shift-overflow'? [-Werror,-Wunknown-warning-option]
configure:19556: $? = 1
configure: failed program was:
| /* confdefs.h */
| #define PACKAGE_NAME "libfyaml"
| #define PACKAGE_TARNAME "libfyaml"
| #define PACKAGE_VERSION "0.9"
| #define PACKAGE_STRING "libfyaml 0.9"
| #define PACKAGE_BUGREPORT "pantelis.antoniou@konsulko.com"
| #define PACKAGE_URL ""
| #define PACKAGE "libfyaml"
| #define VERSION "0.9"
| #define NDEBUG 1
| #define HAVE_STDIO_H 1
| #define HAVE_STDLIB_H 1
| #define HAVE_STRING_H 1
| #define HAVE_INTTYPES_H 1
| #define HAVE_STDINT_H 1
| #define HAVE_STRINGS_H 1
| #define HAVE_SYS_STAT_H 1
| #define HAVE_SYS_TYPES_H 1
| #define HAVE_UNISTD_H 1
| #define HAVE_WCHAR_H 1
| #define STDC_HEADERS 1
| #define _ALL_SOURCE 1
| #define _DARWIN_C_SOURCE 1
| #define _GNU_SOURCE 1
| #define _HPUX_ALT_XOPEN_SOCKET_API 1
| #define _NETBSD_SOURCE 1
| #define _OPENBSD_SOURCE 1
| #define _POSIX_PTHREAD_SEMANTICS 1
| #define __STDC_WANT_IEC_60559_ATTRIBS_EXT__ 1
| #define __STDC_WANT_IEC_60559_BFP_EXT__ 1
| #define __STDC_WANT_IEC_60559_DFP_EXT__ 1
| #define __STDC_WANT_IEC_60559_EXT__ 1
| #define __STDC_WANT_IEC_60559_FUNCS_EXT__ 1
| #define __STDC_WANT_IEC_60559_TYPES_EXT__ 1
| #define __STDC_WANT_LIB_EXT2__ 1
| #define __STDC_WANT_MATH_SPEC_FUNCS__ 1
| #define _TANDEM_SOURCE 1
| #define __EXTENSIONS__ 1
| #define HAVE_PTHREAD_PRIO_INHERIT 1
| #define HAVE_PTHREAD 1
| #define HAVE_DLFCN_H 1
| #define LT_OBJDIR ".libs/"
| #define HAVE_SSIZE_T 1
| #define HAVE_DECL_ENVIRON 0
| /* end confdefs.h.  */
| 
| int
| main (void)
| {
| 
|   ;
|   return 0;
| }
configure:19568: result: no
configure:19536: checking whether C compiler accepts -fvisibility=hidden
configure:19556: gcc -c  -D_THREAD_SAFE -pthread -Wall -Wsign-compare -pedantic -Werror -fvisibility=hidden  conftest.c >&5
configure:19556: $? = 0
configure:19568: result: yes
configure:19583: : CFLAGS="$CFLAGS $flag"
configure:19586: $? = 0
configure:19628: checking whether C compiler accepts -Wstringop-overread
configure:19648: gcc -c  -D_THREAD_SAFE -pthread -Wall -Wsign-compare -fvisibility=hidden -O2 -Werror -Wstringop-overread  conftest.c >&5
error: unknown warning option '-Wstringop-overread' [-Werror,-Wunknown-warning-option]
configure:19648: $? = 1
configure: failed program was:
| /* confdefs.h */
| #define PACKAGE_NAME "libfyaml"
| #define PACKAGE_TARNAME "libfyaml"
| #define PACKAGE_VERSION "0.9"
| #define PACKAGE_STRING "libfyaml 0.9"
| #define PACKAGE_BUGREPORT "pantelis.antoniou@konsulko.com"
| #define PACKAGE_URL ""
| #define PACKAGE "libfyaml"
| #define VERSION "0.9"
| #define NDEBUG 1
| #define HAVE_STDIO_H 1
| #define HAVE_STDLIB_H 1
| #define HAVE_STRING_H 1
| #define HAVE_INTTYPES_H 1
| #define HAVE_STDINT_H 1
| #define HAVE_STRINGS_H 1
| #define HAVE_SYS_STAT_H 1
| #define HAVE_SYS_TYPES_H 1
| #define HAVE_UNISTD_H 1
| #define HAVE_WCHAR_H 1
| #define STDC_HEADERS 1
| #define _ALL_SOURCE 1
| #define _DARWIN_C_SOURCE 1
| #define _GNU_SOURCE 1
| #define _HPUX_ALT_XOPEN_SOCKET_API 1
| #define _NETBSD_SOURCE 1
| #define _OPENBSD_SOURCE 1
| #define _POSIX_PTHREAD_SEMANTICS 1
| #define __STDC_WANT_IEC_60559_ATTRIBS_EXT__ 1
| #define __STDC_WANT_IEC_60559_BFP_EXT__ 1
| #define __STDC_WANT_IEC_60559_DFP_EXT__ 1
| #define __STDC_WANT_IEC_60559_EXT__ 1
| #define __STDC_WANT_IEC_60559_FUNCS_EXT__ 1
| #define __STDC_WANT_IEC_60559_TYPES_EXT__ 1
| #define __STDC_WANT_LIB_EXT2__ 1
| #define __STDC_WANT_MATH_SPEC_FUNCS__ 1
| #define _TANDEM_SOURCE 1
| #define __EXTENSIONS__ 1
| #define HAVE_PTHREAD_PRIO_INHERIT 1
| #define HAVE_PTHREAD 1
| #define HAVE_DLFCN_H 1
| #define LT_OBJDIR ".libs/"
| #define HAVE_SSIZE_T 1
| #define HAVE_DECL_ENVIRON 0
| #define HAVE_STATIC 1
| /* end confdefs.h.  */
| 
| int
| main (void)
| {
| 
|   ;
|   return 0;
| }
configure:19659: result: no
configure:20149: checking for qsort_r
configure:20149: gcc -o conftest  -D_THREAD_SAFE -pthread -Wall -Wsign-compare -fvisibility=hidden -O2   conftest.c  -lpthread >&5
configure:20149: $? = 0
configure:20149: result: yes
configure:20173: checking for  yaml-0.1 
configure:20180: $PKG_CONFIG --exists --print-errors " yaml-0.1 "
configure:20183: $? = 0
configure:20197: $PKG_CONFIG --exists --print-errors " yaml-0.1 "
configure:20200: $? = 0
configure:20238: result: yes
configure:20266: checking for  check 
configure:20273: $PKG_CONFIG --exists --print-errors " check "
Package check was not found in the pkg-config search path.
Perhaps you should add the directory containing `check.pc'
to the PKG_CONFIG_PATH environment variable
No package 'check' found
configure:20276: $? = 1
configure:20290: $PKG_CONFIG --exists --print-errors " check "
Package check was not found in the pkg-config search path.
Perhaps you should add the directory containing `check.pc'
to the PKG_CONFIG_PATH environment variable
No package 'check' found
configure:20293: $? = 1
configure:20307: result: no
No package 'check' found
configure:20437: checking for sphinx-build
configure:20476: result: no
configure:20608: checking for git
configure:20631: found /usr/bin/git
configure:20644: result: /usr/bin/git
configure:20696: checking for docker
configure:20719: found /Users/kdubb/.rd/bin/docker
configure:20732: result: /Users/kdubb/.rd/bin/docker
configure:20757: checking for jq
configure:20780: found /opt/homebrew/bin/jq
configure:20793: result: /opt/homebrew/bin/jq
configure:20856: checking for llvm-config
configure:20895: result: no
configure:20856: checking for llvm-config-15
configure:20895: result: no
configure:20856: checking for llvm-config-14
configure:20895: result: no
configure:20856: checking for llvm-config-13
configure:20895: result: no
configure:20856: checking for llvm-config-12
configure:20895: result: no
configure:20856: checking for llvm-config-11
configure:20895: result: no
configure:20856: checking for llvm-config-10
configure:20895: result: no
configure:21040: checking for sed
configure:21074: result: /usr/bin/sed
configure:21239: checking that generated files are newer than configure
configure:21245: result: done
configure:21377: creating ./config.status

## ---------------------- ##
## Running config.status. ##
## ---------------------- ##

This file was extended by libfyaml config.status 0.9, which was
generated by GNU Autoconf 2.72.  Invocation command line was

  CONFIG_FILES    = 
  CONFIG_HEADERS  = 
  CONFIG_LINKS    = 
  CONFIG_COMMANDS = 
  $ ./config.status 

on Kevins-Mac-Studio.local

config.status:1308: creating build-aux/shave
config.status:1308: creating build-aux/shave-libtool
config.status:1308: creating Makefile
config.status:1308: creating src/Makefile
config.status:1308: creating test/Makefile
config.status:1308: creating doc/Makefile
config.status:1308: creating libfyaml.pc
config.status:1308: creating config.h
config.status:1537: executing depfiles commands
config.status:1614: cd src       && sed -e '/# am--include-marker/d' Makefile         | make -f - am--depfiles
config.status:1619: $? = 0
config.status:1614: cd test       && sed -e '/# am--include-marker/d' Makefile         | make -f - am--depfiles
config.status:1619: $? = 0
config.status:1537: executing libtool commands

## ---------------- ##
## Cache variables. ##
## ---------------- ##

ac_cv_build=aarch64-apple-darwin23.5.0
ac_cv_c_bigendian=no
ac_cv_c_compiler_gnu=yes
ac_cv_c_const=yes
ac_cv_c_undeclared_builtin_options='none needed'
ac_cv_cxx_compiler_gnu=yes
ac_cv_env_CCASFLAGS_set=
ac_cv_env_CCASFLAGS_value=
ac_cv_env_CCAS_set=
ac_cv_env_CCAS_value=
ac_cv_env_CCC_set=
ac_cv_env_CCC_value=
ac_cv_env_CC_set=
ac_cv_env_CC_value=
ac_cv_env_CFLAGS_set=
ac_cv_env_CFLAGS_value=
ac_cv_env_CHECK_CFLAGS_set=
ac_cv_env_CHECK_CFLAGS_value=
ac_cv_env_CHECK_LIBS_set=
ac_cv_env_CHECK_LIBS_value=
ac_cv_env_CPPFLAGS_set=
ac_cv_env_CPPFLAGS_value=
ac_cv_env_CXXCPP_set=
ac_cv_env_CXXCPP_value=
ac_cv_env_CXXFLAGS_set=
ac_cv_env_CXXFLAGS_value=
ac_cv_env_CXX_set=
ac_cv_env_CXX_value=
ac_cv_env_JSONTESTSUITECHECKOUT_set=
ac_cv_env_JSONTESTSUITECHECKOUT_value=
ac_cv_env_JSONTESTSUITEURL_set=
ac_cv_env_JSONTESTSUITEURL_value=
ac_cv_env_LDFLAGS_set=
ac_cv_env_LDFLAGS_value=
ac_cv_env_LIBS_set=
ac_cv_env_LIBS_value=
ac_cv_env_LIBYAML_CFLAGS_set=
ac_cv_env_LIBYAML_CFLAGS_value=
ac_cv_env_LIBYAML_LIBS_set=
ac_cv_env_LIBYAML_LIBS_value=
ac_cv_env_LT_SYS_LIBRARY_PATH_set=
ac_cv_env_LT_SYS_LIBRARY_PATH_value=
ac_cv_env_PKG_CONFIG_LIBDIR_set=
ac_cv_env_PKG_CONFIG_LIBDIR_value=
ac_cv_env_PKG_CONFIG_PATH_set=
ac_cv_env_PKG_CONFIG_PATH_value=
ac_cv_env_PKG_CONFIG_set=
ac_cv_env_PKG_CONFIG_value=
ac_cv_env_TESTSUITECHECKOUT_set=
ac_cv_env_TESTSUITECHECKOUT_value=
ac_cv_env_TESTSUITEURL_set=
ac_cv_env_TESTSUITEURL_value=
ac_cv_env_build_alias_set=
ac_cv_env_build_alias_value=
ac_cv_env_host_alias_set=
ac_cv_env_host_alias_value=
ac_cv_env_target_alias_set=
ac_cv_env_target_alias_value=
ac_cv_func___builtin_bswap16=no
ac_cv_func___builtin_bswap32=no
ac_cv_func___builtin_bswap64=no
ac_cv_func_qsort_r=yes
ac_cv_have_decl_environ=no
ac_cv_header_byteswap_h=no
ac_cv_header_dlfcn_h=yes
ac_cv_header_inttypes_h=yes
ac_cv_header_minix_config_h=no
ac_cv_header_stdint_h=yes
ac_cv_header_stdio_h=yes
ac_cv_header_stdlib_h=yes
ac_cv_header_string_h=yes
ac_cv_header_strings_h=yes
ac_cv_header_sys_stat_h=yes
ac_cv_header_sys_types_h=yes
ac_cv_header_unistd_h=yes
ac_cv_header_wchar_h=yes
ac_cv_host=aarch64-apple-darwin23.5.0
ac_cv_lib_dl_dlopen=yes
ac_cv_objext=o
ac_cv_path_DOCKER=/Users/kdubb/.rd/bin/docker
ac_cv_path_EGREP='/usr/bin/grep -E'
ac_cv_path_EGREP_TRADITIONAL='/usr/bin/grep -E'
ac_cv_path_FGREP='/usr/bin/grep -F'
ac_cv_path_GIT=/usr/bin/git
ac_cv_path_GREP=/usr/bin/grep
ac_cv_path_JQ=/opt/homebrew/bin/jq
ac_cv_path_M4=/usr/bin/m4
ac_cv_path_SED=/usr/bin/sed
ac_cv_path_ac_pt_PKG_CONFIG=/opt/homebrew/bin/pkg-config
ac_cv_path_install='/opt/homebrew/bin/ginstall -c'
ac_cv_path_lt_DD=/bin/dd
ac_cv_path_mkdir=/opt/homebrew/bin/gmkdir
ac_cv_prog_AWK=awk
ac_cv_prog_CXXCPP='g++ -std=gnu++11 -E'
ac_cv_prog_SED=/usr/bin/sed
ac_cv_prog_ac_ct_AR=ar
ac_cv_prog_ac_ct_CC=gcc
ac_cv_prog_ac_ct_CXX=g++
ac_cv_prog_ac_ct_DSYMUTIL=dsymutil
ac_cv_prog_ac_ct_FILECMD=file
ac_cv_prog_ac_ct_LIPO=lipo
ac_cv_prog_ac_ct_NMEDIT=nmedit
ac_cv_prog_ac_ct_OBJDUMP=objdump
ac_cv_prog_ac_ct_OTOOL=otool
ac_cv_prog_ac_ct_RANLIB=ranlib
ac_cv_prog_ac_ct_STRIP=strip
ac_cv_prog_cc_c11=
ac_cv_prog_cc_g=yes
ac_cv_prog_cc_stdc=
ac_cv_prog_cxx_cxx11=-std=gnu++11
ac_cv_prog_cxx_g=yes
ac_cv_prog_cxx_stdcxx=-std=gnu++11
ac_cv_prog_make_make_set=yes
ac_cv_safe_to_define___extensions__=yes
ac_cv_should_define__xopen_source=no
ac_cv_target=aarch64-apple-darwin23.5.0
ac_cv_type_gid_t=yes
ac_cv_type_off_t=yes
ac_cv_type_pid_t=yes
ac_cv_type_size_t=yes
ac_cv_type_ssize_t=yes
ac_cv_type_uid_t=yes
am_cv_CCAS_dependencies_compiler_type=gcc3
am_cv_CC_dependencies_compiler_type=gcc3
am_cv_CXX_dependencies_compiler_type=gcc3
am_cv_ar_interface=ar
am_cv_make_support_nested_variables=yes
am_cv_prog_cc_c_o=yes
ax_cv_PTHREAD_PRIO_INHERIT=yes
ax_cv_check_cflags__Werror__Wstringop_overread=no
ax_cv_check_cflags__pedantic__Werror__Wall=yes
ax_cv_check_cflags__pedantic__Werror__Wno_stringop_overflow=no
ax_cv_check_cflags__pedantic__Werror__Wsign_compare=yes
ax_cv_check_cflags__pedantic__Werror__fvisibility_hidden=yes
lt_cv_apple_cc_single_mod=no
lt_cv_ar_at_file=no
lt_cv_deplibs_check_method=pass_all
lt_cv_dlopen=dlopen
lt_cv_dlopen_libs=-ldl
lt_cv_dlopen_self=yes
lt_cv_dlopen_self_static=yes
lt_cv_file_magic_cmd='$MAGIC_CMD'
lt_cv_file_magic_test_file=
lt_cv_ld_exported_symbols_list=yes
lt_cv_ld_force_load=yes
lt_cv_ld_reload_flag=-r
lt_cv_nm_interface='BSD nm'
lt_cv_objdir=.libs
lt_cv_path_LD=/Applications/Xcode.app/Contents/Developer/Toolchains/XcodeDefault.xctoolchain/usr/bin/ld
lt_cv_path_LDCXX=/Applications/Xcode.app/Contents/Developer/Toolchains/XcodeDefault.xctoolchain/usr/bin/ld
lt_cv_path_NM='/usr/bin/nm -B'
lt_cv_path_mainfest_tool=no
lt_cv_prog_compiler_c_o=yes
lt_cv_prog_compiler_c_o_CXX=yes
lt_cv_prog_compiler_pic='-fno-common -DPIC'
lt_cv_prog_compiler_pic_CXX='-fno-common -DPIC'
lt_cv_prog_compiler_pic_works=yes
lt_cv_prog_compiler_pic_works_CXX=yes
lt_cv_prog_compiler_rtti_exceptions=yes
lt_cv_prog_compiler_static_works=no
lt_cv_prog_compiler_static_works_CXX=no
lt_cv_prog_gnu_ld=no
lt_cv_prog_gnu_ldcxx=no
lt_cv_sharedlib_from_linklib_cmd='printf %s\n'
lt_cv_sys_global_symbol_pipe='/usr/bin/sed -n -e '\''s/^.*[	 ]\([ABCDGIRSTW][ABCDGIRSTW]*\)[	 ][	 ]*_\([_A-Za-z][_A-Za-z0-9]*\)$/\1 _\2 \2/p'\'' | /usr/bin/sed '\''/ __gnu_lto/d'\'''
lt_cv_sys_global_symbol_to_c_name_address='/usr/bin/sed -n -e '\''s/^: \(.*\) .*$/  {"\1", (void *) 0},/p'\'' -e '\''s/^[ABCDGIRSTW][ABCDGIRSTW]* .* \(.*\)$/  {"\1", (void *) \&\1},/p'\'''
lt_cv_sys_global_symbol_to_c_name_address_lib_prefix='/usr/bin/sed -n -e '\''s/^: \(.*\) .*$/  {"\1", (void *) 0},/p'\'' -e '\''s/^[ABCDGIRSTW][ABCDGIRSTW]* .* \(lib.*\)$/  {"\1", (void *) \&\1},/p'\'' -e '\''s/^[ABCDGIRSTW][ABCDGIRSTW]* .* \(.*\)$/  {"lib\1", (void *) \&\1},/p'\'''
lt_cv_sys_global_symbol_to_cdecl='/usr/bin/sed -n -e '\''s/^T .* \(.*\)$/extern int \1();/p'\'' -e '\''s/^[ABCDGIRSTW][ABCDGIRSTW]* .* \(.*\)$/extern char \1;/p'\'''
lt_cv_sys_global_symbol_to_import=
lt_cv_sys_max_cmd_len=786432
lt_cv_to_host_file_cmd=func_convert_file_noop
lt_cv_to_tool_file_cmd=func_convert_file_noop
lt_cv_truncate_bin='/bin/dd bs=4096 count=1'
pkg_cv_LIBYAML_CFLAGS=-I/opt/homebrew/Cellar/libyaml/0.2.5/include
pkg_cv_LIBYAML_LIBS='-L/opt/homebrew/Cellar/libyaml/0.2.5/lib -lyaml'

## ----------------- ##
## Output variables. ##
## ----------------- ##

ACLOCAL='${SHELL} '\''/Users/kdubb/Projects/outfoxx/PotentCodables/Sources/Cfyaml/build-aux/missing'\'' aclocal-1.16'
ACLOCAL_AMFLAGS='-I m4'
AMDEPBACKSLASH='\'
AMDEP_FALSE='#'
AMDEP_TRUE=''
AMTAR='$${TAR-tar}'
AM_BACKSLASH='\'
AM_DEFAULT_V='$(AM_DEFAULT_VERBOSITY)'
AM_DEFAULT_VERBOSITY='1'
AM_MAKEFLAGS='`test -z $V && echo -s`'
AM_V='$(V)'
AR='ar'
AS='as'
ASAN_CFLAGS=''
ASAN_LIBS=''
AUTOCONF='${SHELL} '\''/Users/kdubb/Projects/outfoxx/PotentCodables/Sources/Cfyaml/build-aux/missing'\'' autoconf'
AUTOHEADER='${SHELL} '\''/Users/kdubb/Projects/outfoxx/PotentCodables/Sources/Cfyaml/build-aux/missing'\'' autoheader'
AUTOMAKE='${SHELL} '\''/Users/kdubb/Projects/outfoxx/PotentCodables/Sources/Cfyaml/build-aux/missing'\'' automake-1.16'
AWK='awk'
CC='/bin/sh /Users/kdubb/Projects/outfoxx/PotentCodables/Sources/Cfyaml/build-aux/shave cc gcc'
CCAS='/bin/sh /Users/kdubb/Projects/outfoxx/PotentCodables/Sources/Cfyaml/build-aux/shave ccas gcc'
CCASDEPMODE='depmode=gcc3'
CCASFLAGS=''
CCDEPMODE='depmode=gcc3'
CFLAGS='-D_THREAD_SAFE -pthread -Wall -Wsign-compare -fvisibility=hidden -O2'
CHECK_CFLAGS=''
CHECK_LDFLAGS=''
CHECK_LIBS=''
CPPFLAGS=''
CSCOPE='cscope'
CTAGS='ctags'
CXX='/bin/sh /Users/kdubb/Projects/outfoxx/PotentCodables/Sources/Cfyaml/build-aux/shave cxx g++ -std=gnu++11'
CXXCPP='g++ -std=gnu++11 -E'
CXXDEPMODE='depmode=gcc3'
CXXFLAGS=''
CYGPATH_W='echo'
DEFS='-DHAVE_CONFIG_H'
DEPDIR='.deps'
DLLTOOL='false'
DOCKER='/Users/kdubb/.rd/bin/docker'
DSYMUTIL='dsymutil'
DUMPBIN=''
ECHO_C='\c'
ECHO_N=''
ECHO_T=''
EGREP='/usr/bin/grep -E'
ETAGS='etags'
EXEEXT=''
EXTRA=''
F77='/bin/sh /Users/kdubb/Projects/outfoxx/PotentCodables/Sources/Cfyaml/build-aux/shave f77 '
FC='/bin/sh /Users/kdubb/Projects/outfoxx/PotentCodables/Sources/Cfyaml/build-aux/shave fc '
FGREP='/usr/bin/grep -F'
FILECMD='file'
GIT='/usr/bin/git'
GREP='/usr/bin/grep'
HAVE_ASAN='0'
HAVE_ASAN_FALSE=''
HAVE_ASAN_TRUE='#'
HAVE_CHECK='0'
HAVE_CHECK_FALSE=''
HAVE_CHECK_TRUE='#'
HAVE_COMPATIBLE_CHECK='0'
HAVE_COMPATIBLE_CHECK_FALSE=''
HAVE_COMPATIBLE_CHECK_TRUE='#'
HAVE_DEVMODE='1'
HAVE_DEVMODE_FALSE='#'
HAVE_DEVMODE_TRUE=''
HAVE_DOCKER_FALSE='#'
HAVE_DOCKER_TRUE=''
HAVE_GIT_FALSE='#'
HAVE_GIT_TRUE=''
HAVE_JQ_FALSE='#'
HAVE_JQ_TRUE=''
HAVE_LIBCLANG='0'
HAVE_LIBCLANG_FALSE=''
HAVE_LIBCLANG_TRUE='#'
HAVE_LIBYAML='1'
HAVE_LIBYAML_FALSE='#'
HAVE_LIBYAML_TRUE=''
HAVE_NETWORK='1'
HAVE_NETWORK_FALSE='#'
HAVE_NETWORK_TRUE=''
HAVE_PORTABLE_TARGET='0'
HAVE_PORTABLE_TARGET_FALSE=''
HAVE_PORTABLE_TARGET_TRUE='#'
HAVE_QSORT_R='1'
HAVE_QSORT_R_FALSE='#'
HAVE_QSORT_R_TRUE=''
HAVE_SPHINX_FALSE=''
HAVE_SPHINX_TRUE='#'
HAVE_STATIC='1'
HAVE_STATIC_FALSE='#'
HAVE_STATIC_TRUE=''
INSTALL_DATA='${INSTALL} -m 644'
INSTALL_PROGRAM='${INSTALL}'
INSTALL_SCRIPT='${INSTALL}'
INSTALL_STRIP_PROGRAM='$(install_sh) -c -s'
JQ='/opt/homebrew/bin/jq'
JSONTESTSUITECHECKOUT='d64aefb55228d9584d3e5b2433f720ea8fd00c82'
JSONTESTSUITEURL='https://github.com/nst/JSONTestSuite'
LD='/Applications/Xcode.app/Contents/Developer/Toolchains/XcodeDefault.xctoolchain/usr/bin/ld'
LDFLAGS=''
LEX='/bin/sh /Users/kdubb/Projects/outfoxx/PotentCodables/Sources/Cfyaml/build-aux/shave lex '
LIBCLANG_CFLAGS=''
LIBCLANG_CPPFLAGS=''
LIBCLANG_LDFLAGS=''
LIBCLANG_LIBS=''
LIBLTDL=''
LIBOBJS=''
LIBS=' -lpthread'
LIBTOOL='/bin/sh /Users/kdubb/Projects/outfoxx/PotentCodables/Sources/Cfyaml/build-aux/shave-libtool '\''$(SHELL) $(top_builddir)/libtool'\'''
LIBTOOL_VERSION='1:4:2'
LIBYAML_CFLAGS='-I/opt/homebrew/Cellar/libyaml/0.2.5/include'
LIBYAML_LIBS='-L/opt/homebrew/Cellar/libyaml/0.2.5/lib -lyaml'
LIPO='lipo'
LLVM_CONFIG=''
LN_S='ln -s'
LTDLINCL=''
LTLIBOBJS=''
LT_SYS_LIBRARY_PATH=''
M4='/usr/bin/m4'
MAJOR='0'
MAKEFLAGS='-s'
MAKEINFO='${SHELL} '\''/Users/kdubb/Projects/outfoxx/PotentCodables/Sources/Cfyaml/build-aux/missing'\'' makeinfo'
MANIFEST_TOOL=':'
MCS='/bin/sh /Users/kdubb/Projects/outfoxx/PotentCodables/Sources/Cfyaml/build-aux/shave mcs '
MINOR='9'
MKDIR_P='/opt/homebrew/bin/gmkdir -p'
NM='/usr/bin/nm -B'
NMEDIT='nmedit'
OBJC='/bin/sh /Users/kdubb/Projects/outfoxx/PotentCodables/Sources/Cfyaml/build-aux/shave objc '
OBJDUMP='objdump'
OBJEXT='o'
OTOOL64=':'
OTOOL='otool'
PACKAGE='libfyaml'
PACKAGE_BUGREPORT='pantelis.antoniou@konsulko.com'
PACKAGE_NAME='libfyaml'
PACKAGE_STRING='libfyaml 0.9'
PACKAGE_TARNAME='libfyaml'
PACKAGE_URL=''
PACKAGE_VERSION='0.9'
PATCH=''
PATH_SEPARATOR=':'
PIP3=''
PKG_CONFIG='/opt/homebrew/bin/pkg-config'
PKG_CONFIG_LIBDIR=''
PKG_CONFIG_PATH=''
PTHREAD_CC='gcc'
PTHREAD_CFLAGS='-D_THREAD_SAFE -pthread'
PTHREAD_LIBS='-lpthread'
Q='$(V:1=)'
RANLIB='ranlib'
SED='/usr/bin/sed'
SET_MAKE=''
SHELL='/bin/sh'
SPHINX=''
STRIP='strip'
TARGET_CPU_ANY_ARM_FALSE='#'
TARGET_CPU_ANY_ARM_TRUE=''
TARGET_CPU_ANY_X86_FALSE=''
TARGET_CPU_ANY_X86_TRUE='#'
TARGET_CPU_ARM64_FALSE='#'
TARGET_CPU_ARM64_TRUE=''
TARGET_CPU_ARM_FALSE=''
TARGET_CPU_ARM_TRUE='#'
TARGET_CPU_X86_64_FALSE=''
TARGET_CPU_X86_64_TRUE='#'
TARGET_CPU_X86_FALSE=''
TARGET_CPU_X86_TRUE='#'
TARGET_HAS_AVX2_FALSE=''
TARGET_HAS_AVX2_TRUE='#'
TARGET_HAS_AVX512_FALSE=''
TARGET_HAS_AVX512_TRUE='#'
TARGET_HAS_NEON_FALSE='#'
TARGET_HAS_NEON_TRUE=''
TARGET_HAS_SSE2_FALSE=''
TARGET_HAS_SSE2_TRUE='#'
TARGET_HAS_SSE41_FALSE=''
TARGET_HAS_SSE41_TRUE='#'
TESTSUITECHECKOUT='6e6c296ae9c9d2d5c4134b4b64d01b29ac19ff6f'
TESTSUITEURL='https://github.com/yaml/yaml-test-suite'
V='@'
VERSION='0.9'
YACC='/bin/sh /Users/kdubb/Projects/outfoxx/PotentCodables/Sources/Cfyaml/build-aux/shave yacc '
ac_ct_AR='ar'
ac_ct_CC='gcc'
ac_ct_CXX='g++'
ac_ct_DUMPBIN=''
am__EXEEXT_FALSE=''
am__EXEEXT_TRUE='#'
am__fastdepCCAS_FALSE='#'
am__fastdepCCAS_TRUE=''
am__fastdepCC_FALSE='#'
am__fastdepCC_TRUE=''
am__fastdepCXX_FALSE='#'
am__fastdepCXX_TRUE=''
am__include='include'
am__isrc=''
am__leading_dot='.'
am__nodep='_no'
am__quote=''
am__tar='$${TAR-tar} chof - "$$tardir"'
am__untar='$${TAR-tar} xf -'
ax_pthread_config=''
bindir='${exec_prefix}/bin'
build='aarch64-apple-darwin23.5.0'
build_alias=''
build_cpu='aarch64'
build_os='darwin23.5.0'
build_vendor='apple'
datadir='${datarootdir}'
datarootdir='${prefix}/share'
docdir='${datarootdir}/doc/${PACKAGE_TARNAME}'
dvidir='${docdir}'
exec_prefix='${prefix}'
host='aarch64-apple-darwin23.5.0'
host_alias=''
host_cpu='aarch64'
host_os='darwin23.5.0'
host_vendor='apple'
htmldir='${docdir}'
includedir='${prefix}/include'
infodir='${datarootdir}/info'
install_sh='${SHELL} /Users/kdubb/Projects/outfoxx/PotentCodables/Sources/Cfyaml/build-aux/install-sh'
libdir='${exec_prefix}/lib'
libexecdir='${exec_prefix}/libexec'
localedir='${datarootdir}/locale'
localstatedir='${prefix}/var'
mandir='${datarootdir}/man'
mkdir_p='$(MKDIR_P)'
oldincludedir='/usr/include'
pdfdir='${docdir}'
prefix='/usr/local'
program_transform_name='s,x,x,'
psdir='${docdir}'
runstatedir='${localstatedir}/run'
sbindir='${exec_prefix}/sbin'
sharedstatedir='${prefix}/com'
shavedir='/Users/kdubb/Projects/outfoxx/PotentCodables/Sources/Cfyaml/build-aux'
subdirs=' libltdl'
sysconfdir='${prefix}/etc'
target='aarch64-apple-darwin23.5.0'
target_alias=''
target_cpu='aarch64'
target_os='darwin23.5.0'
target_vendor='apple'

## ----------- ##
## confdefs.h. ##
## ----------- ##

/* confdefs.h */
#define PACKAGE_NAME "libfyaml"
#define PACKAGE_TARNAME "libfyaml"
#define PACKAGE_VERSION "0.9"
#define PACKAGE_STRING "libfyaml 0.9"
#define PACKAGE_BUGREPORT "pantelis.antoniou@konsulko.com"
#define PACKAGE_URL ""
#define PACKAGE "libfyaml"
#define VERSION "0.9"
#define NDEBUG 1
#define HAVE_STDIO_H 1
#define HAVE_STDLIB_H 1
#define HAVE_STRING_H 1
#define HAVE_INTTYPES_H 1
#define HAVE_STDINT_H 1
#define HAVE_STRINGS_H 1
#define HAVE_SYS_STAT_H 1
#define HAVE_SYS_TYPES_H 1
#define HAVE_UNISTD_H 1
#define HAVE_WCHAR_H 1
#define STDC_HEADERS 1
#define _ALL_SOURCE 1
#define _DARWIN_C_SOURCE 1
#define _GNU_SOURCE 1
#define _HPUX_ALT_XOPEN_SOCKET_API 1
#define _NETBSD_SOURCE 1
#define _OPENBSD_SOURCE 1
#define _POSIX_PTHREAD_SEMANTICS 1
#define __STDC_WANT_IEC_60559_ATTRIBS_EXT__ 1
#define __STDC_WANT_IEC_60559_BFP_EXT__ 1
#define __STDC_WANT_IEC_60559_DFP_EXT__ 1
#define __STDC_WANT_IEC_60559_EXT__ 1
#define __STDC_WANT_IEC_60559_FUNCS_EXT__ 1
#define __STDC_WANT_IEC_60559_TYPES_EXT__ 1
#define __STDC_WANT_LIB_EXT2__ 1
#define __STDC_WANT_MATH_SPEC_FUNCS__ 1
#define _TANDEM_SOURCE 1
#define __EXTENSIONS__ 1
#define HAVE_PTHREAD_PRIO_INHERIT 1
#define HAVE_PTHREAD 1
#define HAVE_DLFCN_H 1
#define LT_OBJDIR ".libs/"
#define HAVE_SSIZE_T 1
#define HAVE_DECL_ENVIRON 0
#define HAVE_STATIC 1
#define HAVE_WSTRINGOP_OVERREAD 0
#define HAVE_PORTABLE_TARGET 0
#define TARGET_HAS_NEON 1
#define HAVE_ASAN 0
#define HAVE_QSORT_R 1
#define HAVE_LIBYAML 1
#define HAVE_CHECK 0
#define HAVE_COMPATIBLE_CHECK 0
#define HAVE_DEVMODE 1
#define HAVE_SPHINX 0
#define HAVE_GIT 1
#define HAVE_JQ 1
#define HAVE_LIBCLANG 0

configure: exit 0
